[2017-03-12 15:10:33,317][INFO][blog.utility.db_initializer][MainThread][db_initializer.py ][ Engine Configured ][139854089635648 ]
[2017-03-12 15:10:33,317][INFO][blog.utility.db_initializer][MainThread][db_initializer.py ][ Engine Configured ][139854089635648 ]
[2017-03-12 15:10:33,318][INFO][blog.utility.db_initializer][MainThread][db_initializer.py ][ Session Configured ][139854089635648 ]
[2017-03-12 15:10:33,318][INFO][blog.utility.db_initializer][MainThread][db_initializer.py ][ Session Configured ][139854089635648 ]
[2017-03-12 15:10:33,319][INFO][blog.utility.db_initializer][MainThread][db_initializer.py ][ Base Binded to Engine  ][139854089635648 ]
[2017-03-12 15:10:33,319][INFO][blog.utility.db_initializer][MainThread][db_initializer.py ][ Base Binded to Engine  ][139854089635648 ]
[2017-03-12 15:10:33,326][INFO][sqlalchemy.engine.base.Engine][MainThread][base.py ][ SHOW VARIABLES LIKE 'sql_mode' ][139854089635648 ]
[2017-03-12 15:10:33,326][INFO][sqlalchemy.engine.base.Engine][MainThread][base.py ][ SHOW VARIABLES LIKE 'sql_mode' ][139854089635648 ]
[2017-03-12 15:10:33,326][INFO][sqlalchemy.engine.base.Engine][MainThread][base.py ][ () ][139854089635648 ]
[2017-03-12 15:10:33,326][INFO][sqlalchemy.engine.base.Engine][MainThread][base.py ][ () ][139854089635648 ]
[2017-03-12 15:10:33,327][INFO][sqlalchemy.engine.base.Engine][MainThread][base.py ][ SELECT DATABASE() ][139854089635648 ]
[2017-03-12 15:10:33,327][INFO][sqlalchemy.engine.base.Engine][MainThread][base.py ][ SELECT DATABASE() ][139854089635648 ]
[2017-03-12 15:10:33,328][INFO][sqlalchemy.engine.base.Engine][MainThread][base.py ][ () ][139854089635648 ]
[2017-03-12 15:10:33,328][INFO][sqlalchemy.engine.base.Engine][MainThread][base.py ][ () ][139854089635648 ]
[2017-03-12 15:10:33,328][INFO][sqlalchemy.engine.base.Engine][MainThread][base.py ][ show collation where `Charset` = 'utf8' and `Collation` = 'utf8_bin' ][139854089635648 ]
[2017-03-12 15:10:33,328][INFO][sqlalchemy.engine.base.Engine][MainThread][base.py ][ show collation where `Charset` = 'utf8' and `Collation` = 'utf8_bin' ][139854089635648 ]
[2017-03-12 15:10:33,329][INFO][sqlalchemy.engine.base.Engine][MainThread][base.py ][ () ][139854089635648 ]
[2017-03-12 15:10:33,329][INFO][sqlalchemy.engine.base.Engine][MainThread][base.py ][ () ][139854089635648 ]
[2017-03-12 15:10:33,330][INFO][sqlalchemy.engine.base.Engine][MainThread][base.py ][ SELECT CAST('test plain returns' AS CHAR(60)) AS anon_1 ][139854089635648 ]
[2017-03-12 15:10:33,330][INFO][sqlalchemy.engine.base.Engine][MainThread][base.py ][ SELECT CAST('test plain returns' AS CHAR(60)) AS anon_1 ][139854089635648 ]
[2017-03-12 15:10:33,331][INFO][sqlalchemy.engine.base.Engine][MainThread][base.py ][ () ][139854089635648 ]
[2017-03-12 15:10:33,331][INFO][sqlalchemy.engine.base.Engine][MainThread][base.py ][ () ][139854089635648 ]
[2017-03-12 15:10:33,332][INFO][sqlalchemy.engine.base.Engine][MainThread][base.py ][ SELECT CAST('test unicode returns' AS CHAR(60)) AS anon_1 ][139854089635648 ]
[2017-03-12 15:10:33,332][INFO][sqlalchemy.engine.base.Engine][MainThread][base.py ][ SELECT CAST('test unicode returns' AS CHAR(60)) AS anon_1 ][139854089635648 ]
[2017-03-12 15:10:33,332][INFO][sqlalchemy.engine.base.Engine][MainThread][base.py ][ () ][139854089635648 ]
[2017-03-12 15:10:33,332][INFO][sqlalchemy.engine.base.Engine][MainThread][base.py ][ () ][139854089635648 ]
[2017-03-12 15:10:33,333][INFO][sqlalchemy.engine.base.Engine][MainThread][base.py ][ SELECT CAST('test collated returns' AS CHAR CHARACTER SET utf8) COLLATE utf8_bin AS anon_1 ][139854089635648 ]
[2017-03-12 15:10:33,333][INFO][sqlalchemy.engine.base.Engine][MainThread][base.py ][ SELECT CAST('test collated returns' AS CHAR CHARACTER SET utf8) COLLATE utf8_bin AS anon_1 ][139854089635648 ]
[2017-03-12 15:10:33,333][INFO][sqlalchemy.engine.base.Engine][MainThread][base.py ][ () ][139854089635648 ]
[2017-03-12 15:10:33,333][INFO][sqlalchemy.engine.base.Engine][MainThread][base.py ][ () ][139854089635648 ]
[2017-03-12 15:10:33,335][INFO][sqlalchemy.engine.base.Engine][MainThread][base.py ][ SHOW FULL TABLES FROM `blog_db` ][139854089635648 ]
[2017-03-12 15:10:33,335][INFO][sqlalchemy.engine.base.Engine][MainThread][base.py ][ SHOW FULL TABLES FROM `blog_db` ][139854089635648 ]
[2017-03-12 15:10:33,335][INFO][sqlalchemy.engine.base.Engine][MainThread][base.py ][ () ][139854089635648 ]
[2017-03-12 15:10:33,335][INFO][sqlalchemy.engine.base.Engine][MainThread][base.py ][ () ][139854089635648 ]
[2017-03-12 15:10:33,354][INFO][sqlalchemy.engine.base.Engine][MainThread][base.py ][ SHOW CREATE TABLE `blog` ][139854089635648 ]
[2017-03-12 15:10:33,354][INFO][sqlalchemy.engine.base.Engine][MainThread][base.py ][ SHOW CREATE TABLE `blog` ][139854089635648 ]
[2017-03-12 15:10:33,354][INFO][sqlalchemy.engine.base.Engine][MainThread][base.py ][ () ][139854089635648 ]
[2017-03-12 15:10:33,354][INFO][sqlalchemy.engine.base.Engine][MainThread][base.py ][ () ][139854089635648 ]
[2017-03-12 15:10:33,358][INFO][sqlalchemy.engine.base.Engine][MainThread][base.py ][ SHOW CREATE TABLE `comment` ][139854089635648 ]
[2017-03-12 15:10:33,358][INFO][sqlalchemy.engine.base.Engine][MainThread][base.py ][ SHOW CREATE TABLE `comment` ][139854089635648 ]
[2017-03-12 15:10:33,359][INFO][sqlalchemy.engine.base.Engine][MainThread][base.py ][ () ][139854089635648 ]
[2017-03-12 15:10:33,359][INFO][sqlalchemy.engine.base.Engine][MainThread][base.py ][ () ][139854089635648 ]
[2017-03-12 15:10:33,368][INFO][blog.utility.db_initializer][MainThread][db_initializer.py ][ DB reflected to Base ][139854089635648 ]
[2017-03-12 15:10:33,368][INFO][blog.utility.db_initializer][MainThread][db_initializer.py ][ DB reflected to Base ][139854089635648 ]
[2017-03-12 15:10:33,369][INFO][blog.utility.db_initializer][MainThread][db_initializer.py ][ Base tables mapped to Classes ][139854089635648 ]
[2017-03-12 15:10:33,369][INFO][blog.utility.db_initializer][MainThread][db_initializer.py ][ Base tables mapped to Classes ][139854089635648 ]
[2017-03-12 15:10:33,369][INFO][blog][MainThread][__init__.py ][ DB initialization complete ][139854089635648 ]
[2017-03-12 15:10:33,369][INFO][blog][MainThread][__init__.py ][ DB initialization complete ][139854089635648 ]
[2017-03-12 15:10:33,369][INFO][blog][MainThread][__init__.py ][ ini settings saved ][139854089635648 ]
[2017-03-12 15:10:33,369][INFO][blog][MainThread][__init__.py ][ ini settings saved ][139854089635648 ]
[2017-03-12 15:11:22,644][INFO][blog.utility.db_initializer][MainThread][db_initializer.py ][ Engine Configured ][140003758262080 ]
[2017-03-12 15:11:22,644][INFO][blog.utility.db_initializer][MainThread][db_initializer.py ][ Engine Configured ][140003758262080 ]
[2017-03-12 15:11:22,648][INFO][blog.utility.db_initializer][MainThread][db_initializer.py ][ Session Configured ][140003758262080 ]
[2017-03-12 15:11:22,648][INFO][blog.utility.db_initializer][MainThread][db_initializer.py ][ Session Configured ][140003758262080 ]
[2017-03-12 15:11:22,648][INFO][blog.utility.db_initializer][MainThread][db_initializer.py ][ Base Binded to Engine  ][140003758262080 ]
[2017-03-12 15:11:22,648][INFO][blog.utility.db_initializer][MainThread][db_initializer.py ][ Base Binded to Engine  ][140003758262080 ]
[2017-03-12 15:11:22,663][INFO][sqlalchemy.engine.base.Engine][MainThread][base.py ][ SHOW VARIABLES LIKE 'sql_mode' ][140003758262080 ]
[2017-03-12 15:11:22,663][INFO][sqlalchemy.engine.base.Engine][MainThread][base.py ][ SHOW VARIABLES LIKE 'sql_mode' ][140003758262080 ]
[2017-03-12 15:11:22,663][INFO][sqlalchemy.engine.base.Engine][MainThread][base.py ][ () ][140003758262080 ]
[2017-03-12 15:11:22,663][INFO][sqlalchemy.engine.base.Engine][MainThread][base.py ][ () ][140003758262080 ]
[2017-03-12 15:11:22,665][INFO][sqlalchemy.engine.base.Engine][MainThread][base.py ][ SELECT DATABASE() ][140003758262080 ]
[2017-03-12 15:11:22,665][INFO][sqlalchemy.engine.base.Engine][MainThread][base.py ][ SELECT DATABASE() ][140003758262080 ]
[2017-03-12 15:11:22,665][INFO][sqlalchemy.engine.base.Engine][MainThread][base.py ][ () ][140003758262080 ]
[2017-03-12 15:11:22,665][INFO][sqlalchemy.engine.base.Engine][MainThread][base.py ][ () ][140003758262080 ]
[2017-03-12 15:11:22,666][INFO][sqlalchemy.engine.base.Engine][MainThread][base.py ][ show collation where `Charset` = 'utf8' and `Collation` = 'utf8_bin' ][140003758262080 ]
[2017-03-12 15:11:22,666][INFO][sqlalchemy.engine.base.Engine][MainThread][base.py ][ show collation where `Charset` = 'utf8' and `Collation` = 'utf8_bin' ][140003758262080 ]
[2017-03-12 15:11:22,666][INFO][sqlalchemy.engine.base.Engine][MainThread][base.py ][ () ][140003758262080 ]
[2017-03-12 15:11:22,666][INFO][sqlalchemy.engine.base.Engine][MainThread][base.py ][ () ][140003758262080 ]
[2017-03-12 15:11:22,668][INFO][sqlalchemy.engine.base.Engine][MainThread][base.py ][ SELECT CAST('test plain returns' AS CHAR(60)) AS anon_1 ][140003758262080 ]
[2017-03-12 15:11:22,668][INFO][sqlalchemy.engine.base.Engine][MainThread][base.py ][ SELECT CAST('test plain returns' AS CHAR(60)) AS anon_1 ][140003758262080 ]
[2017-03-12 15:11:22,668][INFO][sqlalchemy.engine.base.Engine][MainThread][base.py ][ () ][140003758262080 ]
[2017-03-12 15:11:22,668][INFO][sqlalchemy.engine.base.Engine][MainThread][base.py ][ () ][140003758262080 ]
[2017-03-12 15:11:22,669][INFO][sqlalchemy.engine.base.Engine][MainThread][base.py ][ SELECT CAST('test unicode returns' AS CHAR(60)) AS anon_1 ][140003758262080 ]
[2017-03-12 15:11:22,669][INFO][sqlalchemy.engine.base.Engine][MainThread][base.py ][ SELECT CAST('test unicode returns' AS CHAR(60)) AS anon_1 ][140003758262080 ]
[2017-03-12 15:11:22,669][INFO][sqlalchemy.engine.base.Engine][MainThread][base.py ][ () ][140003758262080 ]
[2017-03-12 15:11:22,669][INFO][sqlalchemy.engine.base.Engine][MainThread][base.py ][ () ][140003758262080 ]
[2017-03-12 15:11:22,670][INFO][sqlalchemy.engine.base.Engine][MainThread][base.py ][ SELECT CAST('test collated returns' AS CHAR CHARACTER SET utf8) COLLATE utf8_bin AS anon_1 ][140003758262080 ]
[2017-03-12 15:11:22,670][INFO][sqlalchemy.engine.base.Engine][MainThread][base.py ][ SELECT CAST('test collated returns' AS CHAR CHARACTER SET utf8) COLLATE utf8_bin AS anon_1 ][140003758262080 ]
[2017-03-12 15:11:22,671][INFO][sqlalchemy.engine.base.Engine][MainThread][base.py ][ () ][140003758262080 ]
[2017-03-12 15:11:22,671][INFO][sqlalchemy.engine.base.Engine][MainThread][base.py ][ () ][140003758262080 ]
[2017-03-12 15:11:22,672][INFO][sqlalchemy.engine.base.Engine][MainThread][base.py ][ SHOW FULL TABLES FROM `blog_db` ][140003758262080 ]
[2017-03-12 15:11:22,672][INFO][sqlalchemy.engine.base.Engine][MainThread][base.py ][ SHOW FULL TABLES FROM `blog_db` ][140003758262080 ]
[2017-03-12 15:11:22,673][INFO][sqlalchemy.engine.base.Engine][MainThread][base.py ][ () ][140003758262080 ]
[2017-03-12 15:11:22,673][INFO][sqlalchemy.engine.base.Engine][MainThread][base.py ][ () ][140003758262080 ]
[2017-03-12 15:11:22,692][INFO][sqlalchemy.engine.base.Engine][MainThread][base.py ][ SHOW CREATE TABLE `blog` ][140003758262080 ]
[2017-03-12 15:11:22,692][INFO][sqlalchemy.engine.base.Engine][MainThread][base.py ][ SHOW CREATE TABLE `blog` ][140003758262080 ]
[2017-03-12 15:11:22,692][INFO][sqlalchemy.engine.base.Engine][MainThread][base.py ][ () ][140003758262080 ]
[2017-03-12 15:11:22,692][INFO][sqlalchemy.engine.base.Engine][MainThread][base.py ][ () ][140003758262080 ]
[2017-03-12 15:11:22,696][INFO][sqlalchemy.engine.base.Engine][MainThread][base.py ][ SHOW CREATE TABLE `comment` ][140003758262080 ]
[2017-03-12 15:11:22,696][INFO][sqlalchemy.engine.base.Engine][MainThread][base.py ][ SHOW CREATE TABLE `comment` ][140003758262080 ]
[2017-03-12 15:11:22,697][INFO][sqlalchemy.engine.base.Engine][MainThread][base.py ][ () ][140003758262080 ]
[2017-03-12 15:11:22,697][INFO][sqlalchemy.engine.base.Engine][MainThread][base.py ][ () ][140003758262080 ]
[2017-03-12 15:11:22,706][INFO][blog.utility.db_initializer][MainThread][db_initializer.py ][ DB reflected to Base ][140003758262080 ]
[2017-03-12 15:11:22,706][INFO][blog.utility.db_initializer][MainThread][db_initializer.py ][ DB reflected to Base ][140003758262080 ]
[2017-03-12 15:11:22,707][INFO][blog.utility.db_initializer][MainThread][db_initializer.py ][ Base tables mapped to Classes ][140003758262080 ]
[2017-03-12 15:11:22,707][INFO][blog.utility.db_initializer][MainThread][db_initializer.py ][ Base tables mapped to Classes ][140003758262080 ]
[2017-03-12 15:11:22,707][INFO][blog][MainThread][__init__.py ][ DB initialization complete ][140003758262080 ]
[2017-03-12 15:11:22,707][INFO][blog][MainThread][__init__.py ][ DB initialization complete ][140003758262080 ]
[2017-03-12 15:11:22,707][INFO][blog][MainThread][__init__.py ][ ini settings saved ][140003758262080 ]
[2017-03-12 15:11:22,707][INFO][blog][MainThread][__init__.py ][ ini settings saved ][140003758262080 ]
[2017-03-12 15:11:46,510][INFO][blog.utility.db_initializer][MainThread][db_initializer.py ][ Engine Configured ][140599035184960 ]
[2017-03-12 15:11:46,510][INFO][blog.utility.db_initializer][MainThread][db_initializer.py ][ Engine Configured ][140599035184960 ]
[2017-03-12 15:11:46,510][INFO][blog.utility.db_initializer][MainThread][db_initializer.py ][ Session Configured ][140599035184960 ]
[2017-03-12 15:11:46,510][INFO][blog.utility.db_initializer][MainThread][db_initializer.py ][ Session Configured ][140599035184960 ]
[2017-03-12 15:11:46,511][INFO][blog.utility.db_initializer][MainThread][db_initializer.py ][ Base Binded to Engine  ][140599035184960 ]
[2017-03-12 15:11:46,511][INFO][blog.utility.db_initializer][MainThread][db_initializer.py ][ Base Binded to Engine  ][140599035184960 ]
[2017-03-12 15:11:46,517][INFO][sqlalchemy.engine.base.Engine][MainThread][base.py ][ SHOW VARIABLES LIKE 'sql_mode' ][140599035184960 ]
[2017-03-12 15:11:46,517][INFO][sqlalchemy.engine.base.Engine][MainThread][base.py ][ SHOW VARIABLES LIKE 'sql_mode' ][140599035184960 ]
[2017-03-12 15:11:46,517][INFO][sqlalchemy.engine.base.Engine][MainThread][base.py ][ () ][140599035184960 ]
[2017-03-12 15:11:46,517][INFO][sqlalchemy.engine.base.Engine][MainThread][base.py ][ () ][140599035184960 ]
[2017-03-12 15:11:46,518][INFO][sqlalchemy.engine.base.Engine][MainThread][base.py ][ SELECT DATABASE() ][140599035184960 ]
[2017-03-12 15:11:46,518][INFO][sqlalchemy.engine.base.Engine][MainThread][base.py ][ SELECT DATABASE() ][140599035184960 ]
[2017-03-12 15:11:46,519][INFO][sqlalchemy.engine.base.Engine][MainThread][base.py ][ () ][140599035184960 ]
[2017-03-12 15:11:46,519][INFO][sqlalchemy.engine.base.Engine][MainThread][base.py ][ () ][140599035184960 ]
[2017-03-12 15:11:46,519][INFO][sqlalchemy.engine.base.Engine][MainThread][base.py ][ show collation where `Charset` = 'utf8' and `Collation` = 'utf8_bin' ][140599035184960 ]
[2017-03-12 15:11:46,519][INFO][sqlalchemy.engine.base.Engine][MainThread][base.py ][ show collation where `Charset` = 'utf8' and `Collation` = 'utf8_bin' ][140599035184960 ]
[2017-03-12 15:11:46,520][INFO][sqlalchemy.engine.base.Engine][MainThread][base.py ][ () ][140599035184960 ]
[2017-03-12 15:11:46,520][INFO][sqlalchemy.engine.base.Engine][MainThread][base.py ][ () ][140599035184960 ]
[2017-03-12 15:11:46,521][INFO][sqlalchemy.engine.base.Engine][MainThread][base.py ][ SELECT CAST('test plain returns' AS CHAR(60)) AS anon_1 ][140599035184960 ]
[2017-03-12 15:11:46,521][INFO][sqlalchemy.engine.base.Engine][MainThread][base.py ][ SELECT CAST('test plain returns' AS CHAR(60)) AS anon_1 ][140599035184960 ]
[2017-03-12 15:11:46,522][INFO][sqlalchemy.engine.base.Engine][MainThread][base.py ][ () ][140599035184960 ]
[2017-03-12 15:11:46,522][INFO][sqlalchemy.engine.base.Engine][MainThread][base.py ][ () ][140599035184960 ]
[2017-03-12 15:11:46,523][INFO][sqlalchemy.engine.base.Engine][MainThread][base.py ][ SELECT CAST('test unicode returns' AS CHAR(60)) AS anon_1 ][140599035184960 ]
[2017-03-12 15:11:46,523][INFO][sqlalchemy.engine.base.Engine][MainThread][base.py ][ SELECT CAST('test unicode returns' AS CHAR(60)) AS anon_1 ][140599035184960 ]
[2017-03-12 15:11:46,523][INFO][sqlalchemy.engine.base.Engine][MainThread][base.py ][ () ][140599035184960 ]
[2017-03-12 15:11:46,523][INFO][sqlalchemy.engine.base.Engine][MainThread][base.py ][ () ][140599035184960 ]
[2017-03-12 15:11:46,524][INFO][sqlalchemy.engine.base.Engine][MainThread][base.py ][ SELECT CAST('test collated returns' AS CHAR CHARACTER SET utf8) COLLATE utf8_bin AS anon_1 ][140599035184960 ]
[2017-03-12 15:11:46,524][INFO][sqlalchemy.engine.base.Engine][MainThread][base.py ][ SELECT CAST('test collated returns' AS CHAR CHARACTER SET utf8) COLLATE utf8_bin AS anon_1 ][140599035184960 ]
[2017-03-12 15:11:46,524][INFO][sqlalchemy.engine.base.Engine][MainThread][base.py ][ () ][140599035184960 ]
[2017-03-12 15:11:46,524][INFO][sqlalchemy.engine.base.Engine][MainThread][base.py ][ () ][140599035184960 ]
[2017-03-12 15:11:46,526][INFO][sqlalchemy.engine.base.Engine][MainThread][base.py ][ SHOW FULL TABLES FROM `blog_db` ][140599035184960 ]
[2017-03-12 15:11:46,526][INFO][sqlalchemy.engine.base.Engine][MainThread][base.py ][ SHOW FULL TABLES FROM `blog_db` ][140599035184960 ]
[2017-03-12 15:11:46,526][INFO][sqlalchemy.engine.base.Engine][MainThread][base.py ][ () ][140599035184960 ]
[2017-03-12 15:11:46,526][INFO][sqlalchemy.engine.base.Engine][MainThread][base.py ][ () ][140599035184960 ]
[2017-03-12 15:11:46,545][INFO][sqlalchemy.engine.base.Engine][MainThread][base.py ][ SHOW CREATE TABLE `blog` ][140599035184960 ]
[2017-03-12 15:11:46,545][INFO][sqlalchemy.engine.base.Engine][MainThread][base.py ][ SHOW CREATE TABLE `blog` ][140599035184960 ]
[2017-03-12 15:11:46,545][INFO][sqlalchemy.engine.base.Engine][MainThread][base.py ][ () ][140599035184960 ]
[2017-03-12 15:11:46,545][INFO][sqlalchemy.engine.base.Engine][MainThread][base.py ][ () ][140599035184960 ]
[2017-03-12 15:11:46,548][INFO][sqlalchemy.engine.base.Engine][MainThread][base.py ][ SHOW CREATE TABLE `comment` ][140599035184960 ]
[2017-03-12 15:11:46,548][INFO][sqlalchemy.engine.base.Engine][MainThread][base.py ][ SHOW CREATE TABLE `comment` ][140599035184960 ]
[2017-03-12 15:11:46,549][INFO][sqlalchemy.engine.base.Engine][MainThread][base.py ][ () ][140599035184960 ]
[2017-03-12 15:11:46,549][INFO][sqlalchemy.engine.base.Engine][MainThread][base.py ][ () ][140599035184960 ]
[2017-03-12 15:11:46,558][INFO][blog.utility.db_initializer][MainThread][db_initializer.py ][ DB reflected to Base ][140599035184960 ]
[2017-03-12 15:11:46,558][INFO][blog.utility.db_initializer][MainThread][db_initializer.py ][ DB reflected to Base ][140599035184960 ]
[2017-03-12 15:11:46,558][INFO][blog.utility.db_initializer][MainThread][db_initializer.py ][ Base tables mapped to Classes ][140599035184960 ]
[2017-03-12 15:11:46,558][INFO][blog.utility.db_initializer][MainThread][db_initializer.py ][ Base tables mapped to Classes ][140599035184960 ]
[2017-03-12 15:11:46,559][INFO][blog][MainThread][__init__.py ][ DB initialization complete ][140599035184960 ]
[2017-03-12 15:11:46,559][INFO][blog][MainThread][__init__.py ][ DB initialization complete ][140599035184960 ]
[2017-03-12 15:11:46,559][INFO][blog][MainThread][__init__.py ][ ini settings saved ][140599035184960 ]
[2017-03-12 15:11:46,559][INFO][blog][MainThread][__init__.py ][ ini settings saved ][140599035184960 ]
[2017-03-12 15:11:54,504][INFO][blog.utility.db_initializer][MainThread][db_initializer.py ][ Engine Configured ][140621748893504 ]
[2017-03-12 15:11:54,504][INFO][blog.utility.db_initializer][MainThread][db_initializer.py ][ Engine Configured ][140621748893504 ]
[2017-03-12 15:11:54,504][INFO][blog.utility.db_initializer][MainThread][db_initializer.py ][ Session Configured ][140621748893504 ]
[2017-03-12 15:11:54,504][INFO][blog.utility.db_initializer][MainThread][db_initializer.py ][ Session Configured ][140621748893504 ]
[2017-03-12 15:11:54,505][INFO][blog.utility.db_initializer][MainThread][db_initializer.py ][ Base Binded to Engine  ][140621748893504 ]
[2017-03-12 15:11:54,505][INFO][blog.utility.db_initializer][MainThread][db_initializer.py ][ Base Binded to Engine  ][140621748893504 ]
[2017-03-12 15:11:54,511][INFO][sqlalchemy.engine.base.Engine][MainThread][base.py ][ SHOW VARIABLES LIKE 'sql_mode' ][140621748893504 ]
[2017-03-12 15:11:54,511][INFO][sqlalchemy.engine.base.Engine][MainThread][base.py ][ SHOW VARIABLES LIKE 'sql_mode' ][140621748893504 ]
[2017-03-12 15:11:54,511][INFO][sqlalchemy.engine.base.Engine][MainThread][base.py ][ () ][140621748893504 ]
[2017-03-12 15:11:54,511][INFO][sqlalchemy.engine.base.Engine][MainThread][base.py ][ () ][140621748893504 ]
[2017-03-12 15:11:54,513][INFO][sqlalchemy.engine.base.Engine][MainThread][base.py ][ SELECT DATABASE() ][140621748893504 ]
[2017-03-12 15:11:54,513][INFO][sqlalchemy.engine.base.Engine][MainThread][base.py ][ SELECT DATABASE() ][140621748893504 ]
[2017-03-12 15:11:54,513][INFO][sqlalchemy.engine.base.Engine][MainThread][base.py ][ () ][140621748893504 ]
[2017-03-12 15:11:54,513][INFO][sqlalchemy.engine.base.Engine][MainThread][base.py ][ () ][140621748893504 ]
[2017-03-12 15:11:54,514][INFO][sqlalchemy.engine.base.Engine][MainThread][base.py ][ show collation where `Charset` = 'utf8' and `Collation` = 'utf8_bin' ][140621748893504 ]
[2017-03-12 15:11:54,514][INFO][sqlalchemy.engine.base.Engine][MainThread][base.py ][ show collation where `Charset` = 'utf8' and `Collation` = 'utf8_bin' ][140621748893504 ]
[2017-03-12 15:11:54,514][INFO][sqlalchemy.engine.base.Engine][MainThread][base.py ][ () ][140621748893504 ]
[2017-03-12 15:11:54,514][INFO][sqlalchemy.engine.base.Engine][MainThread][base.py ][ () ][140621748893504 ]
[2017-03-12 15:11:54,516][INFO][sqlalchemy.engine.base.Engine][MainThread][base.py ][ SELECT CAST('test plain returns' AS CHAR(60)) AS anon_1 ][140621748893504 ]
[2017-03-12 15:11:54,516][INFO][sqlalchemy.engine.base.Engine][MainThread][base.py ][ SELECT CAST('test plain returns' AS CHAR(60)) AS anon_1 ][140621748893504 ]
[2017-03-12 15:11:54,516][INFO][sqlalchemy.engine.base.Engine][MainThread][base.py ][ () ][140621748893504 ]
[2017-03-12 15:11:54,516][INFO][sqlalchemy.engine.base.Engine][MainThread][base.py ][ () ][140621748893504 ]
[2017-03-12 15:11:54,517][INFO][sqlalchemy.engine.base.Engine][MainThread][base.py ][ SELECT CAST('test unicode returns' AS CHAR(60)) AS anon_1 ][140621748893504 ]
[2017-03-12 15:11:54,517][INFO][sqlalchemy.engine.base.Engine][MainThread][base.py ][ SELECT CAST('test unicode returns' AS CHAR(60)) AS anon_1 ][140621748893504 ]
[2017-03-12 15:11:54,517][INFO][sqlalchemy.engine.base.Engine][MainThread][base.py ][ () ][140621748893504 ]
[2017-03-12 15:11:54,517][INFO][sqlalchemy.engine.base.Engine][MainThread][base.py ][ () ][140621748893504 ]
[2017-03-12 15:11:54,518][INFO][sqlalchemy.engine.base.Engine][MainThread][base.py ][ SELECT CAST('test collated returns' AS CHAR CHARACTER SET utf8) COLLATE utf8_bin AS anon_1 ][140621748893504 ]
[2017-03-12 15:11:54,518][INFO][sqlalchemy.engine.base.Engine][MainThread][base.py ][ SELECT CAST('test collated returns' AS CHAR CHARACTER SET utf8) COLLATE utf8_bin AS anon_1 ][140621748893504 ]
[2017-03-12 15:11:54,519][INFO][sqlalchemy.engine.base.Engine][MainThread][base.py ][ () ][140621748893504 ]
[2017-03-12 15:11:54,519][INFO][sqlalchemy.engine.base.Engine][MainThread][base.py ][ () ][140621748893504 ]
[2017-03-12 15:11:54,520][INFO][sqlalchemy.engine.base.Engine][MainThread][base.py ][ SHOW FULL TABLES FROM `blog_db` ][140621748893504 ]
[2017-03-12 15:11:54,520][INFO][sqlalchemy.engine.base.Engine][MainThread][base.py ][ SHOW FULL TABLES FROM `blog_db` ][140621748893504 ]
[2017-03-12 15:11:54,521][INFO][sqlalchemy.engine.base.Engine][MainThread][base.py ][ () ][140621748893504 ]
[2017-03-12 15:11:54,521][INFO][sqlalchemy.engine.base.Engine][MainThread][base.py ][ () ][140621748893504 ]
[2017-03-12 15:11:54,539][INFO][sqlalchemy.engine.base.Engine][MainThread][base.py ][ SHOW CREATE TABLE `blog` ][140621748893504 ]
[2017-03-12 15:11:54,539][INFO][sqlalchemy.engine.base.Engine][MainThread][base.py ][ SHOW CREATE TABLE `blog` ][140621748893504 ]
[2017-03-12 15:11:54,539][INFO][sqlalchemy.engine.base.Engine][MainThread][base.py ][ () ][140621748893504 ]
[2017-03-12 15:11:54,539][INFO][sqlalchemy.engine.base.Engine][MainThread][base.py ][ () ][140621748893504 ]
[2017-03-12 15:11:54,543][INFO][sqlalchemy.engine.base.Engine][MainThread][base.py ][ SHOW CREATE TABLE `comment` ][140621748893504 ]
[2017-03-12 15:11:54,543][INFO][sqlalchemy.engine.base.Engine][MainThread][base.py ][ SHOW CREATE TABLE `comment` ][140621748893504 ]
[2017-03-12 15:11:54,543][INFO][sqlalchemy.engine.base.Engine][MainThread][base.py ][ () ][140621748893504 ]
[2017-03-12 15:11:54,543][INFO][sqlalchemy.engine.base.Engine][MainThread][base.py ][ () ][140621748893504 ]
[2017-03-12 15:11:54,553][INFO][blog.utility.db_initializer][MainThread][db_initializer.py ][ DB reflected to Base ][140621748893504 ]
[2017-03-12 15:11:54,553][INFO][blog.utility.db_initializer][MainThread][db_initializer.py ][ DB reflected to Base ][140621748893504 ]
[2017-03-12 15:11:54,554][INFO][blog.utility.db_initializer][MainThread][db_initializer.py ][ Base tables mapped to Classes ][140621748893504 ]
[2017-03-12 15:11:54,554][INFO][blog.utility.db_initializer][MainThread][db_initializer.py ][ Base tables mapped to Classes ][140621748893504 ]
[2017-03-12 15:11:54,554][INFO][blog][MainThread][__init__.py ][ DB initialization complete ][140621748893504 ]
[2017-03-12 15:11:54,554][INFO][blog][MainThread][__init__.py ][ DB initialization complete ][140621748893504 ]
[2017-03-12 15:11:54,554][INFO][blog][MainThread][__init__.py ][ ini settings saved ][140621748893504 ]
[2017-03-12 15:11:54,554][INFO][blog][MainThread][__init__.py ][ ini settings saved ][140621748893504 ]
[2017-03-12 15:21:27,930][INFO][blog.utility.db_initializer][MainThread][db_initializer.py ][ Engine Configured ][140313204991808 ]
[2017-03-12 15:21:27,930][INFO][blog.utility.db_initializer][MainThread][db_initializer.py ][ Engine Configured ][140313204991808 ]
[2017-03-12 15:21:27,931][INFO][blog.utility.db_initializer][MainThread][db_initializer.py ][ Session Configured ][140313204991808 ]
[2017-03-12 15:21:27,931][INFO][blog.utility.db_initializer][MainThread][db_initializer.py ][ Session Configured ][140313204991808 ]
[2017-03-12 15:21:27,931][INFO][blog.utility.db_initializer][MainThread][db_initializer.py ][ Base Binded to Engine  ][140313204991808 ]
[2017-03-12 15:21:27,931][INFO][blog.utility.db_initializer][MainThread][db_initializer.py ][ Base Binded to Engine  ][140313204991808 ]
[2017-03-12 15:21:27,937][INFO][sqlalchemy.engine.base.Engine][MainThread][base.py ][ SHOW VARIABLES LIKE 'sql_mode' ][140313204991808 ]
[2017-03-12 15:21:27,937][INFO][sqlalchemy.engine.base.Engine][MainThread][base.py ][ SHOW VARIABLES LIKE 'sql_mode' ][140313204991808 ]
[2017-03-12 15:21:27,938][INFO][sqlalchemy.engine.base.Engine][MainThread][base.py ][ () ][140313204991808 ]
[2017-03-12 15:21:27,938][INFO][sqlalchemy.engine.base.Engine][MainThread][base.py ][ () ][140313204991808 ]
[2017-03-12 15:21:27,939][INFO][sqlalchemy.engine.base.Engine][MainThread][base.py ][ SELECT DATABASE() ][140313204991808 ]
[2017-03-12 15:21:27,939][INFO][sqlalchemy.engine.base.Engine][MainThread][base.py ][ SELECT DATABASE() ][140313204991808 ]
[2017-03-12 15:21:27,940][INFO][sqlalchemy.engine.base.Engine][MainThread][base.py ][ () ][140313204991808 ]
[2017-03-12 15:21:27,940][INFO][sqlalchemy.engine.base.Engine][MainThread][base.py ][ () ][140313204991808 ]
[2017-03-12 15:21:27,940][INFO][sqlalchemy.engine.base.Engine][MainThread][base.py ][ show collation where `Charset` = 'utf8' and `Collation` = 'utf8_bin' ][140313204991808 ]
[2017-03-12 15:21:27,940][INFO][sqlalchemy.engine.base.Engine][MainThread][base.py ][ show collation where `Charset` = 'utf8' and `Collation` = 'utf8_bin' ][140313204991808 ]
[2017-03-12 15:21:27,941][INFO][sqlalchemy.engine.base.Engine][MainThread][base.py ][ () ][140313204991808 ]
[2017-03-12 15:21:27,941][INFO][sqlalchemy.engine.base.Engine][MainThread][base.py ][ () ][140313204991808 ]
[2017-03-12 15:21:27,943][INFO][sqlalchemy.engine.base.Engine][MainThread][base.py ][ SELECT CAST('test plain returns' AS CHAR(60)) AS anon_1 ][140313204991808 ]
[2017-03-12 15:21:27,943][INFO][sqlalchemy.engine.base.Engine][MainThread][base.py ][ SELECT CAST('test plain returns' AS CHAR(60)) AS anon_1 ][140313204991808 ]
[2017-03-12 15:21:27,943][INFO][sqlalchemy.engine.base.Engine][MainThread][base.py ][ () ][140313204991808 ]
[2017-03-12 15:21:27,943][INFO][sqlalchemy.engine.base.Engine][MainThread][base.py ][ () ][140313204991808 ]
[2017-03-12 15:21:27,944][INFO][sqlalchemy.engine.base.Engine][MainThread][base.py ][ SELECT CAST('test unicode returns' AS CHAR(60)) AS anon_1 ][140313204991808 ]
[2017-03-12 15:21:27,944][INFO][sqlalchemy.engine.base.Engine][MainThread][base.py ][ SELECT CAST('test unicode returns' AS CHAR(60)) AS anon_1 ][140313204991808 ]
[2017-03-12 15:21:27,944][INFO][sqlalchemy.engine.base.Engine][MainThread][base.py ][ () ][140313204991808 ]
[2017-03-12 15:21:27,944][INFO][sqlalchemy.engine.base.Engine][MainThread][base.py ][ () ][140313204991808 ]
[2017-03-12 15:21:27,945][INFO][sqlalchemy.engine.base.Engine][MainThread][base.py ][ SELECT CAST('test collated returns' AS CHAR CHARACTER SET utf8) COLLATE utf8_bin AS anon_1 ][140313204991808 ]
[2017-03-12 15:21:27,945][INFO][sqlalchemy.engine.base.Engine][MainThread][base.py ][ SELECT CAST('test collated returns' AS CHAR CHARACTER SET utf8) COLLATE utf8_bin AS anon_1 ][140313204991808 ]
[2017-03-12 15:21:27,945][INFO][sqlalchemy.engine.base.Engine][MainThread][base.py ][ () ][140313204991808 ]
[2017-03-12 15:21:27,945][INFO][sqlalchemy.engine.base.Engine][MainThread][base.py ][ () ][140313204991808 ]
[2017-03-12 15:21:27,947][INFO][sqlalchemy.engine.base.Engine][MainThread][base.py ][ SHOW FULL TABLES FROM `blog_db` ][140313204991808 ]
[2017-03-12 15:21:27,947][INFO][sqlalchemy.engine.base.Engine][MainThread][base.py ][ SHOW FULL TABLES FROM `blog_db` ][140313204991808 ]
[2017-03-12 15:21:27,947][INFO][sqlalchemy.engine.base.Engine][MainThread][base.py ][ () ][140313204991808 ]
[2017-03-12 15:21:27,947][INFO][sqlalchemy.engine.base.Engine][MainThread][base.py ][ () ][140313204991808 ]
[2017-03-12 15:21:27,966][INFO][sqlalchemy.engine.base.Engine][MainThread][base.py ][ SHOW CREATE TABLE `blog` ][140313204991808 ]
[2017-03-12 15:21:27,966][INFO][sqlalchemy.engine.base.Engine][MainThread][base.py ][ SHOW CREATE TABLE `blog` ][140313204991808 ]
[2017-03-12 15:21:27,967][INFO][sqlalchemy.engine.base.Engine][MainThread][base.py ][ () ][140313204991808 ]
[2017-03-12 15:21:27,967][INFO][sqlalchemy.engine.base.Engine][MainThread][base.py ][ () ][140313204991808 ]
[2017-03-12 15:21:27,970][INFO][sqlalchemy.engine.base.Engine][MainThread][base.py ][ SHOW CREATE TABLE `comment` ][140313204991808 ]
[2017-03-12 15:21:27,970][INFO][sqlalchemy.engine.base.Engine][MainThread][base.py ][ SHOW CREATE TABLE `comment` ][140313204991808 ]
[2017-03-12 15:21:27,970][INFO][sqlalchemy.engine.base.Engine][MainThread][base.py ][ () ][140313204991808 ]
[2017-03-12 15:21:27,970][INFO][sqlalchemy.engine.base.Engine][MainThread][base.py ][ () ][140313204991808 ]
[2017-03-12 15:21:27,980][INFO][blog.utility.db_initializer][MainThread][db_initializer.py ][ DB reflected to Base ][140313204991808 ]
[2017-03-12 15:21:27,980][INFO][blog.utility.db_initializer][MainThread][db_initializer.py ][ DB reflected to Base ][140313204991808 ]
[2017-03-12 15:21:27,980][INFO][blog.utility.db_initializer][MainThread][db_initializer.py ][ Base tables mapped to Classes ][140313204991808 ]
[2017-03-12 15:21:27,980][INFO][blog.utility.db_initializer][MainThread][db_initializer.py ][ Base tables mapped to Classes ][140313204991808 ]
[2017-03-12 15:21:27,981][INFO][blog][MainThread][__init__.py ][ DB initialization complete ][140313204991808 ]
[2017-03-12 15:21:27,981][INFO][blog][MainThread][__init__.py ][ DB initialization complete ][140313204991808 ]
[2017-03-12 15:21:27,981][INFO][blog][MainThread][__init__.py ][ ini settings saved ][140313204991808 ]
[2017-03-12 15:21:27,981][INFO][blog][MainThread][__init__.py ][ ini settings saved ][140313204991808 ]
[2017-03-12 15:23:33,961][INFO][blog.utility.db_initializer][MainThread][db_initializer.py ][ Engine Configured ][139690331146048 ]
[2017-03-12 15:23:33,961][INFO][blog.utility.db_initializer][MainThread][db_initializer.py ][ Engine Configured ][139690331146048 ]
[2017-03-12 15:23:33,961][INFO][blog.utility.db_initializer][MainThread][db_initializer.py ][ Session Configured ][139690331146048 ]
[2017-03-12 15:23:33,961][INFO][blog.utility.db_initializer][MainThread][db_initializer.py ][ Session Configured ][139690331146048 ]
[2017-03-12 15:23:33,961][INFO][blog.utility.db_initializer][MainThread][db_initializer.py ][ Base Binded to Engine  ][139690331146048 ]
[2017-03-12 15:23:33,961][INFO][blog.utility.db_initializer][MainThread][db_initializer.py ][ Base Binded to Engine  ][139690331146048 ]
[2017-03-12 15:23:33,967][INFO][sqlalchemy.engine.base.Engine][MainThread][base.py ][ SHOW VARIABLES LIKE 'sql_mode' ][139690331146048 ]
[2017-03-12 15:23:33,967][INFO][sqlalchemy.engine.base.Engine][MainThread][base.py ][ SHOW VARIABLES LIKE 'sql_mode' ][139690331146048 ]
[2017-03-12 15:23:33,968][INFO][sqlalchemy.engine.base.Engine][MainThread][base.py ][ () ][139690331146048 ]
[2017-03-12 15:23:33,968][INFO][sqlalchemy.engine.base.Engine][MainThread][base.py ][ () ][139690331146048 ]
[2017-03-12 15:23:33,969][INFO][sqlalchemy.engine.base.Engine][MainThread][base.py ][ SELECT DATABASE() ][139690331146048 ]
[2017-03-12 15:23:33,969][INFO][sqlalchemy.engine.base.Engine][MainThread][base.py ][ SELECT DATABASE() ][139690331146048 ]
[2017-03-12 15:23:33,969][INFO][sqlalchemy.engine.base.Engine][MainThread][base.py ][ () ][139690331146048 ]
[2017-03-12 15:23:33,969][INFO][sqlalchemy.engine.base.Engine][MainThread][base.py ][ () ][139690331146048 ]
[2017-03-12 15:23:33,970][INFO][sqlalchemy.engine.base.Engine][MainThread][base.py ][ show collation where `Charset` = 'utf8' and `Collation` = 'utf8_bin' ][139690331146048 ]
[2017-03-12 15:23:33,970][INFO][sqlalchemy.engine.base.Engine][MainThread][base.py ][ show collation where `Charset` = 'utf8' and `Collation` = 'utf8_bin' ][139690331146048 ]
[2017-03-12 15:23:33,970][INFO][sqlalchemy.engine.base.Engine][MainThread][base.py ][ () ][139690331146048 ]
[2017-03-12 15:23:33,970][INFO][sqlalchemy.engine.base.Engine][MainThread][base.py ][ () ][139690331146048 ]
[2017-03-12 15:23:33,972][INFO][sqlalchemy.engine.base.Engine][MainThread][base.py ][ SELECT CAST('test plain returns' AS CHAR(60)) AS anon_1 ][139690331146048 ]
[2017-03-12 15:23:33,972][INFO][sqlalchemy.engine.base.Engine][MainThread][base.py ][ SELECT CAST('test plain returns' AS CHAR(60)) AS anon_1 ][139690331146048 ]
[2017-03-12 15:23:33,973][INFO][sqlalchemy.engine.base.Engine][MainThread][base.py ][ () ][139690331146048 ]
[2017-03-12 15:23:33,973][INFO][sqlalchemy.engine.base.Engine][MainThread][base.py ][ () ][139690331146048 ]
[2017-03-12 15:23:33,973][INFO][sqlalchemy.engine.base.Engine][MainThread][base.py ][ SELECT CAST('test unicode returns' AS CHAR(60)) AS anon_1 ][139690331146048 ]
[2017-03-12 15:23:33,973][INFO][sqlalchemy.engine.base.Engine][MainThread][base.py ][ SELECT CAST('test unicode returns' AS CHAR(60)) AS anon_1 ][139690331146048 ]
[2017-03-12 15:23:33,974][INFO][sqlalchemy.engine.base.Engine][MainThread][base.py ][ () ][139690331146048 ]
[2017-03-12 15:23:33,974][INFO][sqlalchemy.engine.base.Engine][MainThread][base.py ][ () ][139690331146048 ]
[2017-03-12 15:23:33,974][INFO][sqlalchemy.engine.base.Engine][MainThread][base.py ][ SELECT CAST('test collated returns' AS CHAR CHARACTER SET utf8) COLLATE utf8_bin AS anon_1 ][139690331146048 ]
[2017-03-12 15:23:33,974][INFO][sqlalchemy.engine.base.Engine][MainThread][base.py ][ SELECT CAST('test collated returns' AS CHAR CHARACTER SET utf8) COLLATE utf8_bin AS anon_1 ][139690331146048 ]
[2017-03-12 15:23:33,975][INFO][sqlalchemy.engine.base.Engine][MainThread][base.py ][ () ][139690331146048 ]
[2017-03-12 15:23:33,975][INFO][sqlalchemy.engine.base.Engine][MainThread][base.py ][ () ][139690331146048 ]
[2017-03-12 15:23:33,976][INFO][sqlalchemy.engine.base.Engine][MainThread][base.py ][ SHOW FULL TABLES FROM `blog_db` ][139690331146048 ]
[2017-03-12 15:23:33,976][INFO][sqlalchemy.engine.base.Engine][MainThread][base.py ][ SHOW FULL TABLES FROM `blog_db` ][139690331146048 ]
[2017-03-12 15:23:33,977][INFO][sqlalchemy.engine.base.Engine][MainThread][base.py ][ () ][139690331146048 ]
[2017-03-12 15:23:33,977][INFO][sqlalchemy.engine.base.Engine][MainThread][base.py ][ () ][139690331146048 ]
[2017-03-12 15:23:33,995][INFO][sqlalchemy.engine.base.Engine][MainThread][base.py ][ SHOW CREATE TABLE `blog` ][139690331146048 ]
[2017-03-12 15:23:33,995][INFO][sqlalchemy.engine.base.Engine][MainThread][base.py ][ SHOW CREATE TABLE `blog` ][139690331146048 ]
[2017-03-12 15:23:33,995][INFO][sqlalchemy.engine.base.Engine][MainThread][base.py ][ () ][139690331146048 ]
[2017-03-12 15:23:33,995][INFO][sqlalchemy.engine.base.Engine][MainThread][base.py ][ () ][139690331146048 ]
[2017-03-12 15:23:33,999][INFO][sqlalchemy.engine.base.Engine][MainThread][base.py ][ SHOW CREATE TABLE `comment` ][139690331146048 ]
[2017-03-12 15:23:33,999][INFO][sqlalchemy.engine.base.Engine][MainThread][base.py ][ SHOW CREATE TABLE `comment` ][139690331146048 ]
[2017-03-12 15:23:33,999][INFO][sqlalchemy.engine.base.Engine][MainThread][base.py ][ () ][139690331146048 ]
[2017-03-12 15:23:33,999][INFO][sqlalchemy.engine.base.Engine][MainThread][base.py ][ () ][139690331146048 ]
[2017-03-12 15:23:34,009][INFO][blog.utility.db_initializer][MainThread][db_initializer.py ][ DB reflected to Base ][139690331146048 ]
[2017-03-12 15:23:34,009][INFO][blog.utility.db_initializer][MainThread][db_initializer.py ][ DB reflected to Base ][139690331146048 ]
[2017-03-12 15:23:34,009][INFO][blog.utility.db_initializer][MainThread][db_initializer.py ][ Base tables mapped to Classes ][139690331146048 ]
[2017-03-12 15:23:34,009][INFO][blog.utility.db_initializer][MainThread][db_initializer.py ][ Base tables mapped to Classes ][139690331146048 ]
[2017-03-12 15:23:34,009][INFO][blog][MainThread][__init__.py ][ DB initialization complete ][139690331146048 ]
[2017-03-12 15:23:34,009][INFO][blog][MainThread][__init__.py ][ DB initialization complete ][139690331146048 ]
[2017-03-12 15:23:34,010][INFO][blog][MainThread][__init__.py ][ ini settings saved ][139690331146048 ]
[2017-03-12 15:23:34,010][INFO][blog][MainThread][__init__.py ][ ini settings saved ][139690331146048 ]
[2017-03-12 15:23:43,729][INFO][blog.utility.db_initializer][MainThread][db_initializer.py ][ Engine Configured ][140362825168704 ]
[2017-03-12 15:23:43,729][INFO][blog.utility.db_initializer][MainThread][db_initializer.py ][ Engine Configured ][140362825168704 ]
[2017-03-12 15:23:43,730][INFO][blog.utility.db_initializer][MainThread][db_initializer.py ][ Session Configured ][140362825168704 ]
[2017-03-12 15:23:43,730][INFO][blog.utility.db_initializer][MainThread][db_initializer.py ][ Session Configured ][140362825168704 ]
[2017-03-12 15:23:43,730][INFO][blog.utility.db_initializer][MainThread][db_initializer.py ][ Base Binded to Engine  ][140362825168704 ]
[2017-03-12 15:23:43,730][INFO][blog.utility.db_initializer][MainThread][db_initializer.py ][ Base Binded to Engine  ][140362825168704 ]
[2017-03-12 15:23:43,736][INFO][sqlalchemy.engine.base.Engine][MainThread][base.py ][ SHOW VARIABLES LIKE 'sql_mode' ][140362825168704 ]
[2017-03-12 15:23:43,736][INFO][sqlalchemy.engine.base.Engine][MainThread][base.py ][ SHOW VARIABLES LIKE 'sql_mode' ][140362825168704 ]
[2017-03-12 15:23:43,737][INFO][sqlalchemy.engine.base.Engine][MainThread][base.py ][ () ][140362825168704 ]
[2017-03-12 15:23:43,737][INFO][sqlalchemy.engine.base.Engine][MainThread][base.py ][ () ][140362825168704 ]
[2017-03-12 15:23:43,738][INFO][sqlalchemy.engine.base.Engine][MainThread][base.py ][ SELECT DATABASE() ][140362825168704 ]
[2017-03-12 15:23:43,738][INFO][sqlalchemy.engine.base.Engine][MainThread][base.py ][ SELECT DATABASE() ][140362825168704 ]
[2017-03-12 15:23:43,739][INFO][sqlalchemy.engine.base.Engine][MainThread][base.py ][ () ][140362825168704 ]
[2017-03-12 15:23:43,739][INFO][sqlalchemy.engine.base.Engine][MainThread][base.py ][ () ][140362825168704 ]
[2017-03-12 15:23:43,740][INFO][sqlalchemy.engine.base.Engine][MainThread][base.py ][ show collation where `Charset` = 'utf8' and `Collation` = 'utf8_bin' ][140362825168704 ]
[2017-03-12 15:23:43,740][INFO][sqlalchemy.engine.base.Engine][MainThread][base.py ][ show collation where `Charset` = 'utf8' and `Collation` = 'utf8_bin' ][140362825168704 ]
[2017-03-12 15:23:43,740][INFO][sqlalchemy.engine.base.Engine][MainThread][base.py ][ () ][140362825168704 ]
[2017-03-12 15:23:43,740][INFO][sqlalchemy.engine.base.Engine][MainThread][base.py ][ () ][140362825168704 ]
[2017-03-12 15:23:43,742][INFO][sqlalchemy.engine.base.Engine][MainThread][base.py ][ SELECT CAST('test plain returns' AS CHAR(60)) AS anon_1 ][140362825168704 ]
[2017-03-12 15:23:43,742][INFO][sqlalchemy.engine.base.Engine][MainThread][base.py ][ SELECT CAST('test plain returns' AS CHAR(60)) AS anon_1 ][140362825168704 ]
[2017-03-12 15:23:43,742][INFO][sqlalchemy.engine.base.Engine][MainThread][base.py ][ () ][140362825168704 ]
[2017-03-12 15:23:43,742][INFO][sqlalchemy.engine.base.Engine][MainThread][base.py ][ () ][140362825168704 ]
[2017-03-12 15:23:43,743][INFO][sqlalchemy.engine.base.Engine][MainThread][base.py ][ SELECT CAST('test unicode returns' AS CHAR(60)) AS anon_1 ][140362825168704 ]
[2017-03-12 15:23:43,743][INFO][sqlalchemy.engine.base.Engine][MainThread][base.py ][ SELECT CAST('test unicode returns' AS CHAR(60)) AS anon_1 ][140362825168704 ]
[2017-03-12 15:23:43,744][INFO][sqlalchemy.engine.base.Engine][MainThread][base.py ][ () ][140362825168704 ]
[2017-03-12 15:23:43,744][INFO][sqlalchemy.engine.base.Engine][MainThread][base.py ][ () ][140362825168704 ]
[2017-03-12 15:23:43,745][INFO][sqlalchemy.engine.base.Engine][MainThread][base.py ][ SELECT CAST('test collated returns' AS CHAR CHARACTER SET utf8) COLLATE utf8_bin AS anon_1 ][140362825168704 ]
[2017-03-12 15:23:43,745][INFO][sqlalchemy.engine.base.Engine][MainThread][base.py ][ SELECT CAST('test collated returns' AS CHAR CHARACTER SET utf8) COLLATE utf8_bin AS anon_1 ][140362825168704 ]
[2017-03-12 15:23:43,745][INFO][sqlalchemy.engine.base.Engine][MainThread][base.py ][ () ][140362825168704 ]
[2017-03-12 15:23:43,745][INFO][sqlalchemy.engine.base.Engine][MainThread][base.py ][ () ][140362825168704 ]
[2017-03-12 15:23:43,747][INFO][sqlalchemy.engine.base.Engine][MainThread][base.py ][ SHOW FULL TABLES FROM `blog_db` ][140362825168704 ]
[2017-03-12 15:23:43,747][INFO][sqlalchemy.engine.base.Engine][MainThread][base.py ][ SHOW FULL TABLES FROM `blog_db` ][140362825168704 ]
[2017-03-12 15:23:43,747][INFO][sqlalchemy.engine.base.Engine][MainThread][base.py ][ () ][140362825168704 ]
[2017-03-12 15:23:43,747][INFO][sqlalchemy.engine.base.Engine][MainThread][base.py ][ () ][140362825168704 ]
[2017-03-12 15:23:43,766][INFO][sqlalchemy.engine.base.Engine][MainThread][base.py ][ SHOW CREATE TABLE `blog` ][140362825168704 ]
[2017-03-12 15:23:43,766][INFO][sqlalchemy.engine.base.Engine][MainThread][base.py ][ SHOW CREATE TABLE `blog` ][140362825168704 ]
[2017-03-12 15:23:43,766][INFO][sqlalchemy.engine.base.Engine][MainThread][base.py ][ () ][140362825168704 ]
[2017-03-12 15:23:43,766][INFO][sqlalchemy.engine.base.Engine][MainThread][base.py ][ () ][140362825168704 ]
[2017-03-12 15:23:43,769][INFO][sqlalchemy.engine.base.Engine][MainThread][base.py ][ SHOW CREATE TABLE `comment` ][140362825168704 ]
[2017-03-12 15:23:43,769][INFO][sqlalchemy.engine.base.Engine][MainThread][base.py ][ SHOW CREATE TABLE `comment` ][140362825168704 ]
[2017-03-12 15:23:43,770][INFO][sqlalchemy.engine.base.Engine][MainThread][base.py ][ () ][140362825168704 ]
[2017-03-12 15:23:43,770][INFO][sqlalchemy.engine.base.Engine][MainThread][base.py ][ () ][140362825168704 ]
[2017-03-12 15:23:43,780][INFO][blog.utility.db_initializer][MainThread][db_initializer.py ][ DB reflected to Base ][140362825168704 ]
[2017-03-12 15:23:43,780][INFO][blog.utility.db_initializer][MainThread][db_initializer.py ][ DB reflected to Base ][140362825168704 ]
[2017-03-12 15:23:43,780][INFO][blog.utility.db_initializer][MainThread][db_initializer.py ][ Base tables mapped to Classes ][140362825168704 ]
[2017-03-12 15:23:43,780][INFO][blog.utility.db_initializer][MainThread][db_initializer.py ][ Base tables mapped to Classes ][140362825168704 ]
[2017-03-12 15:23:43,780][INFO][blog][MainThread][__init__.py ][ DB initialization complete ][140362825168704 ]
[2017-03-12 15:23:43,780][INFO][blog][MainThread][__init__.py ][ DB initialization complete ][140362825168704 ]
[2017-03-12 15:23:43,781][INFO][blog][MainThread][__init__.py ][ ini settings saved ][140362825168704 ]
[2017-03-12 15:23:43,781][INFO][blog][MainThread][__init__.py ][ ini settings saved ][140362825168704 ]
[2017-03-12 15:25:12,293][INFO][blog.utility.db_initializer][MainThread][db_initializer.py ][ Engine Configured ][140295145510720 ]
[2017-03-12 15:25:12,293][INFO][blog.utility.db_initializer][MainThread][db_initializer.py ][ Engine Configured ][140295145510720 ]
[2017-03-12 15:25:12,294][INFO][blog.utility.db_initializer][MainThread][db_initializer.py ][ Session Configured ][140295145510720 ]
[2017-03-12 15:25:12,294][INFO][blog.utility.db_initializer][MainThread][db_initializer.py ][ Session Configured ][140295145510720 ]
[2017-03-12 15:25:12,294][INFO][blog.utility.db_initializer][MainThread][db_initializer.py ][ Base Binded to Engine  ][140295145510720 ]
[2017-03-12 15:25:12,294][INFO][blog.utility.db_initializer][MainThread][db_initializer.py ][ Base Binded to Engine  ][140295145510720 ]
[2017-03-12 15:25:12,301][INFO][sqlalchemy.engine.base.Engine][MainThread][base.py ][ SHOW VARIABLES LIKE 'sql_mode' ][140295145510720 ]
[2017-03-12 15:25:12,301][INFO][sqlalchemy.engine.base.Engine][MainThread][base.py ][ SHOW VARIABLES LIKE 'sql_mode' ][140295145510720 ]
[2017-03-12 15:25:12,301][INFO][sqlalchemy.engine.base.Engine][MainThread][base.py ][ () ][140295145510720 ]
[2017-03-12 15:25:12,301][INFO][sqlalchemy.engine.base.Engine][MainThread][base.py ][ () ][140295145510720 ]
[2017-03-12 15:25:12,303][INFO][sqlalchemy.engine.base.Engine][MainThread][base.py ][ SELECT DATABASE() ][140295145510720 ]
[2017-03-12 15:25:12,303][INFO][sqlalchemy.engine.base.Engine][MainThread][base.py ][ SELECT DATABASE() ][140295145510720 ]
[2017-03-12 15:25:12,303][INFO][sqlalchemy.engine.base.Engine][MainThread][base.py ][ () ][140295145510720 ]
[2017-03-12 15:25:12,303][INFO][sqlalchemy.engine.base.Engine][MainThread][base.py ][ () ][140295145510720 ]
[2017-03-12 15:25:12,304][INFO][sqlalchemy.engine.base.Engine][MainThread][base.py ][ show collation where `Charset` = 'utf8' and `Collation` = 'utf8_bin' ][140295145510720 ]
[2017-03-12 15:25:12,304][INFO][sqlalchemy.engine.base.Engine][MainThread][base.py ][ show collation where `Charset` = 'utf8' and `Collation` = 'utf8_bin' ][140295145510720 ]
[2017-03-12 15:25:12,304][INFO][sqlalchemy.engine.base.Engine][MainThread][base.py ][ () ][140295145510720 ]
[2017-03-12 15:25:12,304][INFO][sqlalchemy.engine.base.Engine][MainThread][base.py ][ () ][140295145510720 ]
[2017-03-12 15:25:12,306][INFO][sqlalchemy.engine.base.Engine][MainThread][base.py ][ SELECT CAST('test plain returns' AS CHAR(60)) AS anon_1 ][140295145510720 ]
[2017-03-12 15:25:12,306][INFO][sqlalchemy.engine.base.Engine][MainThread][base.py ][ SELECT CAST('test plain returns' AS CHAR(60)) AS anon_1 ][140295145510720 ]
[2017-03-12 15:25:12,306][INFO][sqlalchemy.engine.base.Engine][MainThread][base.py ][ () ][140295145510720 ]
[2017-03-12 15:25:12,306][INFO][sqlalchemy.engine.base.Engine][MainThread][base.py ][ () ][140295145510720 ]
[2017-03-12 15:25:12,307][INFO][sqlalchemy.engine.base.Engine][MainThread][base.py ][ SELECT CAST('test unicode returns' AS CHAR(60)) AS anon_1 ][140295145510720 ]
[2017-03-12 15:25:12,307][INFO][sqlalchemy.engine.base.Engine][MainThread][base.py ][ SELECT CAST('test unicode returns' AS CHAR(60)) AS anon_1 ][140295145510720 ]
[2017-03-12 15:25:12,307][INFO][sqlalchemy.engine.base.Engine][MainThread][base.py ][ () ][140295145510720 ]
[2017-03-12 15:25:12,307][INFO][sqlalchemy.engine.base.Engine][MainThread][base.py ][ () ][140295145510720 ]
[2017-03-12 15:25:12,308][INFO][sqlalchemy.engine.base.Engine][MainThread][base.py ][ SELECT CAST('test collated returns' AS CHAR CHARACTER SET utf8) COLLATE utf8_bin AS anon_1 ][140295145510720 ]
[2017-03-12 15:25:12,308][INFO][sqlalchemy.engine.base.Engine][MainThread][base.py ][ SELECT CAST('test collated returns' AS CHAR CHARACTER SET utf8) COLLATE utf8_bin AS anon_1 ][140295145510720 ]
[2017-03-12 15:25:12,308][INFO][sqlalchemy.engine.base.Engine][MainThread][base.py ][ () ][140295145510720 ]
[2017-03-12 15:25:12,308][INFO][sqlalchemy.engine.base.Engine][MainThread][base.py ][ () ][140295145510720 ]
[2017-03-12 15:25:12,311][INFO][sqlalchemy.engine.base.Engine][MainThread][base.py ][ SHOW FULL TABLES FROM `blog_db` ][140295145510720 ]
[2017-03-12 15:25:12,311][INFO][sqlalchemy.engine.base.Engine][MainThread][base.py ][ SHOW FULL TABLES FROM `blog_db` ][140295145510720 ]
[2017-03-12 15:25:12,311][INFO][sqlalchemy.engine.base.Engine][MainThread][base.py ][ () ][140295145510720 ]
[2017-03-12 15:25:12,311][INFO][sqlalchemy.engine.base.Engine][MainThread][base.py ][ () ][140295145510720 ]
[2017-03-12 15:25:12,330][INFO][sqlalchemy.engine.base.Engine][MainThread][base.py ][ SHOW CREATE TABLE `blog` ][140295145510720 ]
[2017-03-12 15:25:12,330][INFO][sqlalchemy.engine.base.Engine][MainThread][base.py ][ SHOW CREATE TABLE `blog` ][140295145510720 ]
[2017-03-12 15:25:12,330][INFO][sqlalchemy.engine.base.Engine][MainThread][base.py ][ () ][140295145510720 ]
[2017-03-12 15:25:12,330][INFO][sqlalchemy.engine.base.Engine][MainThread][base.py ][ () ][140295145510720 ]
[2017-03-12 15:25:12,334][INFO][sqlalchemy.engine.base.Engine][MainThread][base.py ][ SHOW CREATE TABLE `comment` ][140295145510720 ]
[2017-03-12 15:25:12,334][INFO][sqlalchemy.engine.base.Engine][MainThread][base.py ][ SHOW CREATE TABLE `comment` ][140295145510720 ]
[2017-03-12 15:25:12,334][INFO][sqlalchemy.engine.base.Engine][MainThread][base.py ][ () ][140295145510720 ]
[2017-03-12 15:25:12,334][INFO][sqlalchemy.engine.base.Engine][MainThread][base.py ][ () ][140295145510720 ]
[2017-03-12 15:25:12,344][INFO][blog.utility.db_initializer][MainThread][db_initializer.py ][ DB reflected to Base ][140295145510720 ]
[2017-03-12 15:25:12,344][INFO][blog.utility.db_initializer][MainThread][db_initializer.py ][ DB reflected to Base ][140295145510720 ]
[2017-03-12 15:25:12,344][INFO][blog.utility.db_initializer][MainThread][db_initializer.py ][ Base tables mapped to Classes ][140295145510720 ]
[2017-03-12 15:25:12,344][INFO][blog.utility.db_initializer][MainThread][db_initializer.py ][ Base tables mapped to Classes ][140295145510720 ]
[2017-03-12 15:25:12,345][INFO][blog][MainThread][__init__.py ][ DB initialization complete ][140295145510720 ]
[2017-03-12 15:25:12,345][INFO][blog][MainThread][__init__.py ][ DB initialization complete ][140295145510720 ]
[2017-03-12 15:25:12,345][INFO][blog][MainThread][__init__.py ][ ini settings saved ][140295145510720 ]
[2017-03-12 15:25:12,345][INFO][blog][MainThread][__init__.py ][ ini settings saved ][140295145510720 ]
[2017-03-12 15:25:23,731][INFO][blog.utility.db_initializer][MainThread][db_initializer.py ][ Engine Configured ][139896448051008 ]
[2017-03-12 15:25:23,731][INFO][blog.utility.db_initializer][MainThread][db_initializer.py ][ Engine Configured ][139896448051008 ]
[2017-03-12 15:25:23,732][INFO][blog.utility.db_initializer][MainThread][db_initializer.py ][ Session Configured ][139896448051008 ]
[2017-03-12 15:25:23,732][INFO][blog.utility.db_initializer][MainThread][db_initializer.py ][ Session Configured ][139896448051008 ]
[2017-03-12 15:25:23,732][INFO][blog.utility.db_initializer][MainThread][db_initializer.py ][ Base Binded to Engine  ][139896448051008 ]
[2017-03-12 15:25:23,732][INFO][blog.utility.db_initializer][MainThread][db_initializer.py ][ Base Binded to Engine  ][139896448051008 ]
[2017-03-12 15:25:23,738][INFO][sqlalchemy.engine.base.Engine][MainThread][base.py ][ SHOW VARIABLES LIKE 'sql_mode' ][139896448051008 ]
[2017-03-12 15:25:23,738][INFO][sqlalchemy.engine.base.Engine][MainThread][base.py ][ SHOW VARIABLES LIKE 'sql_mode' ][139896448051008 ]
[2017-03-12 15:25:23,739][INFO][sqlalchemy.engine.base.Engine][MainThread][base.py ][ () ][139896448051008 ]
[2017-03-12 15:25:23,739][INFO][sqlalchemy.engine.base.Engine][MainThread][base.py ][ () ][139896448051008 ]
[2017-03-12 15:25:23,740][INFO][sqlalchemy.engine.base.Engine][MainThread][base.py ][ SELECT DATABASE() ][139896448051008 ]
[2017-03-12 15:25:23,740][INFO][sqlalchemy.engine.base.Engine][MainThread][base.py ][ SELECT DATABASE() ][139896448051008 ]
[2017-03-12 15:25:23,740][INFO][sqlalchemy.engine.base.Engine][MainThread][base.py ][ () ][139896448051008 ]
[2017-03-12 15:25:23,740][INFO][sqlalchemy.engine.base.Engine][MainThread][base.py ][ () ][139896448051008 ]
[2017-03-12 15:25:23,741][INFO][sqlalchemy.engine.base.Engine][MainThread][base.py ][ show collation where `Charset` = 'utf8' and `Collation` = 'utf8_bin' ][139896448051008 ]
[2017-03-12 15:25:23,741][INFO][sqlalchemy.engine.base.Engine][MainThread][base.py ][ show collation where `Charset` = 'utf8' and `Collation` = 'utf8_bin' ][139896448051008 ]
[2017-03-12 15:25:23,741][INFO][sqlalchemy.engine.base.Engine][MainThread][base.py ][ () ][139896448051008 ]
[2017-03-12 15:25:23,741][INFO][sqlalchemy.engine.base.Engine][MainThread][base.py ][ () ][139896448051008 ]
[2017-03-12 15:25:23,743][INFO][sqlalchemy.engine.base.Engine][MainThread][base.py ][ SELECT CAST('test plain returns' AS CHAR(60)) AS anon_1 ][139896448051008 ]
[2017-03-12 15:25:23,743][INFO][sqlalchemy.engine.base.Engine][MainThread][base.py ][ SELECT CAST('test plain returns' AS CHAR(60)) AS anon_1 ][139896448051008 ]
[2017-03-12 15:25:23,744][INFO][sqlalchemy.engine.base.Engine][MainThread][base.py ][ () ][139896448051008 ]
[2017-03-12 15:25:23,744][INFO][sqlalchemy.engine.base.Engine][MainThread][base.py ][ () ][139896448051008 ]
[2017-03-12 15:25:23,745][INFO][sqlalchemy.engine.base.Engine][MainThread][base.py ][ SELECT CAST('test unicode returns' AS CHAR(60)) AS anon_1 ][139896448051008 ]
[2017-03-12 15:25:23,745][INFO][sqlalchemy.engine.base.Engine][MainThread][base.py ][ SELECT CAST('test unicode returns' AS CHAR(60)) AS anon_1 ][139896448051008 ]
[2017-03-12 15:25:23,745][INFO][sqlalchemy.engine.base.Engine][MainThread][base.py ][ () ][139896448051008 ]
[2017-03-12 15:25:23,745][INFO][sqlalchemy.engine.base.Engine][MainThread][base.py ][ () ][139896448051008 ]
[2017-03-12 15:25:23,746][INFO][sqlalchemy.engine.base.Engine][MainThread][base.py ][ SELECT CAST('test collated returns' AS CHAR CHARACTER SET utf8) COLLATE utf8_bin AS anon_1 ][139896448051008 ]
[2017-03-12 15:25:23,746][INFO][sqlalchemy.engine.base.Engine][MainThread][base.py ][ SELECT CAST('test collated returns' AS CHAR CHARACTER SET utf8) COLLATE utf8_bin AS anon_1 ][139896448051008 ]
[2017-03-12 15:25:23,746][INFO][sqlalchemy.engine.base.Engine][MainThread][base.py ][ () ][139896448051008 ]
[2017-03-12 15:25:23,746][INFO][sqlalchemy.engine.base.Engine][MainThread][base.py ][ () ][139896448051008 ]
[2017-03-12 15:25:23,748][INFO][sqlalchemy.engine.base.Engine][MainThread][base.py ][ SHOW FULL TABLES FROM `blog_db` ][139896448051008 ]
[2017-03-12 15:25:23,748][INFO][sqlalchemy.engine.base.Engine][MainThread][base.py ][ SHOW FULL TABLES FROM `blog_db` ][139896448051008 ]
[2017-03-12 15:25:23,748][INFO][sqlalchemy.engine.base.Engine][MainThread][base.py ][ () ][139896448051008 ]
[2017-03-12 15:25:23,748][INFO][sqlalchemy.engine.base.Engine][MainThread][base.py ][ () ][139896448051008 ]
[2017-03-12 15:25:23,767][INFO][sqlalchemy.engine.base.Engine][MainThread][base.py ][ SHOW CREATE TABLE `blog` ][139896448051008 ]
[2017-03-12 15:25:23,767][INFO][sqlalchemy.engine.base.Engine][MainThread][base.py ][ SHOW CREATE TABLE `blog` ][139896448051008 ]
[2017-03-12 15:25:23,767][INFO][sqlalchemy.engine.base.Engine][MainThread][base.py ][ () ][139896448051008 ]
[2017-03-12 15:25:23,767][INFO][sqlalchemy.engine.base.Engine][MainThread][base.py ][ () ][139896448051008 ]
[2017-03-12 15:25:23,771][INFO][sqlalchemy.engine.base.Engine][MainThread][base.py ][ SHOW CREATE TABLE `comment` ][139896448051008 ]
[2017-03-12 15:25:23,771][INFO][sqlalchemy.engine.base.Engine][MainThread][base.py ][ SHOW CREATE TABLE `comment` ][139896448051008 ]
[2017-03-12 15:25:23,771][INFO][sqlalchemy.engine.base.Engine][MainThread][base.py ][ () ][139896448051008 ]
[2017-03-12 15:25:23,771][INFO][sqlalchemy.engine.base.Engine][MainThread][base.py ][ () ][139896448051008 ]
[2017-03-12 15:25:23,781][INFO][blog.utility.db_initializer][MainThread][db_initializer.py ][ DB reflected to Base ][139896448051008 ]
[2017-03-12 15:25:23,781][INFO][blog.utility.db_initializer][MainThread][db_initializer.py ][ DB reflected to Base ][139896448051008 ]
[2017-03-12 15:25:23,781][INFO][blog.utility.db_initializer][MainThread][db_initializer.py ][ Base tables mapped to Classes ][139896448051008 ]
[2017-03-12 15:25:23,781][INFO][blog.utility.db_initializer][MainThread][db_initializer.py ][ Base tables mapped to Classes ][139896448051008 ]
[2017-03-12 15:25:23,781][INFO][blog][MainThread][__init__.py ][ DB initialization complete ][139896448051008 ]
[2017-03-12 15:25:23,781][INFO][blog][MainThread][__init__.py ][ DB initialization complete ][139896448051008 ]
[2017-03-12 15:25:23,782][INFO][blog][MainThread][__init__.py ][ ini settings saved ][139896448051008 ]
[2017-03-12 15:25:23,782][INFO][blog][MainThread][__init__.py ][ ini settings saved ][139896448051008 ]
[2017-03-12 15:27:32,145][INFO][blog.utility.db_initializer][MainThread][db_initializer.py ][ Engine Configured ][140697493878592 ]
[2017-03-12 15:27:32,145][INFO][blog.utility.db_initializer][MainThread][db_initializer.py ][ Engine Configured ][140697493878592 ]
[2017-03-12 15:27:32,146][INFO][blog.utility.db_initializer][MainThread][db_initializer.py ][ Session Configured ][140697493878592 ]
[2017-03-12 15:27:32,146][INFO][blog.utility.db_initializer][MainThread][db_initializer.py ][ Session Configured ][140697493878592 ]
[2017-03-12 15:27:32,146][INFO][blog.utility.db_initializer][MainThread][db_initializer.py ][ Base Binded to Engine  ][140697493878592 ]
[2017-03-12 15:27:32,146][INFO][blog.utility.db_initializer][MainThread][db_initializer.py ][ Base Binded to Engine  ][140697493878592 ]
[2017-03-12 15:27:32,152][INFO][sqlalchemy.engine.base.Engine][MainThread][base.py ][ SHOW VARIABLES LIKE 'sql_mode' ][140697493878592 ]
[2017-03-12 15:27:32,152][INFO][sqlalchemy.engine.base.Engine][MainThread][base.py ][ SHOW VARIABLES LIKE 'sql_mode' ][140697493878592 ]
[2017-03-12 15:27:32,153][INFO][sqlalchemy.engine.base.Engine][MainThread][base.py ][ () ][140697493878592 ]
[2017-03-12 15:27:32,153][INFO][sqlalchemy.engine.base.Engine][MainThread][base.py ][ () ][140697493878592 ]
[2017-03-12 15:27:32,154][INFO][sqlalchemy.engine.base.Engine][MainThread][base.py ][ SELECT DATABASE() ][140697493878592 ]
[2017-03-12 15:27:32,154][INFO][sqlalchemy.engine.base.Engine][MainThread][base.py ][ SELECT DATABASE() ][140697493878592 ]
[2017-03-12 15:27:32,155][INFO][sqlalchemy.engine.base.Engine][MainThread][base.py ][ () ][140697493878592 ]
[2017-03-12 15:27:32,155][INFO][sqlalchemy.engine.base.Engine][MainThread][base.py ][ () ][140697493878592 ]
[2017-03-12 15:27:32,156][INFO][sqlalchemy.engine.base.Engine][MainThread][base.py ][ show collation where `Charset` = 'utf8' and `Collation` = 'utf8_bin' ][140697493878592 ]
[2017-03-12 15:27:32,156][INFO][sqlalchemy.engine.base.Engine][MainThread][base.py ][ show collation where `Charset` = 'utf8' and `Collation` = 'utf8_bin' ][140697493878592 ]
[2017-03-12 15:27:32,156][INFO][sqlalchemy.engine.base.Engine][MainThread][base.py ][ () ][140697493878592 ]
[2017-03-12 15:27:32,156][INFO][sqlalchemy.engine.base.Engine][MainThread][base.py ][ () ][140697493878592 ]
[2017-03-12 15:27:32,158][INFO][sqlalchemy.engine.base.Engine][MainThread][base.py ][ SELECT CAST('test plain returns' AS CHAR(60)) AS anon_1 ][140697493878592 ]
[2017-03-12 15:27:32,158][INFO][sqlalchemy.engine.base.Engine][MainThread][base.py ][ SELECT CAST('test plain returns' AS CHAR(60)) AS anon_1 ][140697493878592 ]
[2017-03-12 15:27:32,158][INFO][sqlalchemy.engine.base.Engine][MainThread][base.py ][ () ][140697493878592 ]
[2017-03-12 15:27:32,158][INFO][sqlalchemy.engine.base.Engine][MainThread][base.py ][ () ][140697493878592 ]
[2017-03-12 15:27:32,159][INFO][sqlalchemy.engine.base.Engine][MainThread][base.py ][ SELECT CAST('test unicode returns' AS CHAR(60)) AS anon_1 ][140697493878592 ]
[2017-03-12 15:27:32,159][INFO][sqlalchemy.engine.base.Engine][MainThread][base.py ][ SELECT CAST('test unicode returns' AS CHAR(60)) AS anon_1 ][140697493878592 ]
[2017-03-12 15:27:32,160][INFO][sqlalchemy.engine.base.Engine][MainThread][base.py ][ () ][140697493878592 ]
[2017-03-12 15:27:32,160][INFO][sqlalchemy.engine.base.Engine][MainThread][base.py ][ () ][140697493878592 ]
[2017-03-12 15:27:32,160][INFO][sqlalchemy.engine.base.Engine][MainThread][base.py ][ SELECT CAST('test collated returns' AS CHAR CHARACTER SET utf8) COLLATE utf8_bin AS anon_1 ][140697493878592 ]
[2017-03-12 15:27:32,160][INFO][sqlalchemy.engine.base.Engine][MainThread][base.py ][ SELECT CAST('test collated returns' AS CHAR CHARACTER SET utf8) COLLATE utf8_bin AS anon_1 ][140697493878592 ]
[2017-03-12 15:27:32,161][INFO][sqlalchemy.engine.base.Engine][MainThread][base.py ][ () ][140697493878592 ]
[2017-03-12 15:27:32,161][INFO][sqlalchemy.engine.base.Engine][MainThread][base.py ][ () ][140697493878592 ]
[2017-03-12 15:27:32,162][INFO][sqlalchemy.engine.base.Engine][MainThread][base.py ][ SHOW FULL TABLES FROM `blog_db` ][140697493878592 ]
[2017-03-12 15:27:32,162][INFO][sqlalchemy.engine.base.Engine][MainThread][base.py ][ SHOW FULL TABLES FROM `blog_db` ][140697493878592 ]
[2017-03-12 15:27:32,163][INFO][sqlalchemy.engine.base.Engine][MainThread][base.py ][ () ][140697493878592 ]
[2017-03-12 15:27:32,163][INFO][sqlalchemy.engine.base.Engine][MainThread][base.py ][ () ][140697493878592 ]
[2017-03-12 15:27:32,181][INFO][sqlalchemy.engine.base.Engine][MainThread][base.py ][ SHOW CREATE TABLE `blog` ][140697493878592 ]
[2017-03-12 15:27:32,181][INFO][sqlalchemy.engine.base.Engine][MainThread][base.py ][ SHOW CREATE TABLE `blog` ][140697493878592 ]
[2017-03-12 15:27:32,182][INFO][sqlalchemy.engine.base.Engine][MainThread][base.py ][ () ][140697493878592 ]
[2017-03-12 15:27:32,182][INFO][sqlalchemy.engine.base.Engine][MainThread][base.py ][ () ][140697493878592 ]
[2017-03-12 15:27:32,185][INFO][sqlalchemy.engine.base.Engine][MainThread][base.py ][ SHOW CREATE TABLE `comment` ][140697493878592 ]
[2017-03-12 15:27:32,185][INFO][sqlalchemy.engine.base.Engine][MainThread][base.py ][ SHOW CREATE TABLE `comment` ][140697493878592 ]
[2017-03-12 15:27:32,185][INFO][sqlalchemy.engine.base.Engine][MainThread][base.py ][ () ][140697493878592 ]
[2017-03-12 15:27:32,185][INFO][sqlalchemy.engine.base.Engine][MainThread][base.py ][ () ][140697493878592 ]
[2017-03-12 15:27:32,195][INFO][blog.utility.db_initializer][MainThread][db_initializer.py ][ DB reflected to Base ][140697493878592 ]
[2017-03-12 15:27:32,195][INFO][blog.utility.db_initializer][MainThread][db_initializer.py ][ DB reflected to Base ][140697493878592 ]
[2017-03-12 15:27:32,195][INFO][blog.utility.db_initializer][MainThread][db_initializer.py ][ Base tables mapped to Classes ][140697493878592 ]
[2017-03-12 15:27:32,195][INFO][blog.utility.db_initializer][MainThread][db_initializer.py ][ Base tables mapped to Classes ][140697493878592 ]
[2017-03-12 15:27:32,195][INFO][blog][MainThread][__init__.py ][ DB initialization complete ][140697493878592 ]
[2017-03-12 15:27:32,195][INFO][blog][MainThread][__init__.py ][ DB initialization complete ][140697493878592 ]
[2017-03-12 15:27:32,196][INFO][blog][MainThread][__init__.py ][ ini settings saved ][140697493878592 ]
[2017-03-12 15:27:32,196][INFO][blog][MainThread][__init__.py ][ ini settings saved ][140697493878592 ]
[2017-03-12 15:28:48,836][INFO][blog.utility.db_initializer][MainThread][db_initializer.py ][ Engine Configured ][140589197494080 ]
[2017-03-12 15:28:48,836][INFO][blog.utility.db_initializer][MainThread][db_initializer.py ][ Engine Configured ][140589197494080 ]
[2017-03-12 15:28:48,837][INFO][blog.utility.db_initializer][MainThread][db_initializer.py ][ Session Configured ][140589197494080 ]
[2017-03-12 15:28:48,837][INFO][blog.utility.db_initializer][MainThread][db_initializer.py ][ Session Configured ][140589197494080 ]
[2017-03-12 15:28:48,837][INFO][blog.utility.db_initializer][MainThread][db_initializer.py ][ Base Binded to Engine  ][140589197494080 ]
[2017-03-12 15:28:48,837][INFO][blog.utility.db_initializer][MainThread][db_initializer.py ][ Base Binded to Engine  ][140589197494080 ]
[2017-03-12 15:28:48,844][INFO][sqlalchemy.engine.base.Engine][MainThread][base.py ][ SHOW VARIABLES LIKE 'sql_mode' ][140589197494080 ]
[2017-03-12 15:28:48,844][INFO][sqlalchemy.engine.base.Engine][MainThread][base.py ][ SHOW VARIABLES LIKE 'sql_mode' ][140589197494080 ]
[2017-03-12 15:28:48,844][INFO][sqlalchemy.engine.base.Engine][MainThread][base.py ][ () ][140589197494080 ]
[2017-03-12 15:28:48,844][INFO][sqlalchemy.engine.base.Engine][MainThread][base.py ][ () ][140589197494080 ]
[2017-03-12 15:28:48,845][INFO][sqlalchemy.engine.base.Engine][MainThread][base.py ][ SELECT DATABASE() ][140589197494080 ]
[2017-03-12 15:28:48,845][INFO][sqlalchemy.engine.base.Engine][MainThread][base.py ][ SELECT DATABASE() ][140589197494080 ]
[2017-03-12 15:28:48,846][INFO][sqlalchemy.engine.base.Engine][MainThread][base.py ][ () ][140589197494080 ]
[2017-03-12 15:28:48,846][INFO][sqlalchemy.engine.base.Engine][MainThread][base.py ][ () ][140589197494080 ]
[2017-03-12 15:28:48,847][INFO][sqlalchemy.engine.base.Engine][MainThread][base.py ][ show collation where `Charset` = 'utf8' and `Collation` = 'utf8_bin' ][140589197494080 ]
[2017-03-12 15:28:48,847][INFO][sqlalchemy.engine.base.Engine][MainThread][base.py ][ show collation where `Charset` = 'utf8' and `Collation` = 'utf8_bin' ][140589197494080 ]
[2017-03-12 15:28:48,847][INFO][sqlalchemy.engine.base.Engine][MainThread][base.py ][ () ][140589197494080 ]
[2017-03-12 15:28:48,847][INFO][sqlalchemy.engine.base.Engine][MainThread][base.py ][ () ][140589197494080 ]
[2017-03-12 15:28:48,849][INFO][sqlalchemy.engine.base.Engine][MainThread][base.py ][ SELECT CAST('test plain returns' AS CHAR(60)) AS anon_1 ][140589197494080 ]
[2017-03-12 15:28:48,849][INFO][sqlalchemy.engine.base.Engine][MainThread][base.py ][ SELECT CAST('test plain returns' AS CHAR(60)) AS anon_1 ][140589197494080 ]
[2017-03-12 15:28:48,849][INFO][sqlalchemy.engine.base.Engine][MainThread][base.py ][ () ][140589197494080 ]
[2017-03-12 15:28:48,849][INFO][sqlalchemy.engine.base.Engine][MainThread][base.py ][ () ][140589197494080 ]
[2017-03-12 15:28:48,850][INFO][sqlalchemy.engine.base.Engine][MainThread][base.py ][ SELECT CAST('test unicode returns' AS CHAR(60)) AS anon_1 ][140589197494080 ]
[2017-03-12 15:28:48,850][INFO][sqlalchemy.engine.base.Engine][MainThread][base.py ][ SELECT CAST('test unicode returns' AS CHAR(60)) AS anon_1 ][140589197494080 ]
[2017-03-12 15:28:48,850][INFO][sqlalchemy.engine.base.Engine][MainThread][base.py ][ () ][140589197494080 ]
[2017-03-12 15:28:48,850][INFO][sqlalchemy.engine.base.Engine][MainThread][base.py ][ () ][140589197494080 ]
[2017-03-12 15:28:48,851][INFO][sqlalchemy.engine.base.Engine][MainThread][base.py ][ SELECT CAST('test collated returns' AS CHAR CHARACTER SET utf8) COLLATE utf8_bin AS anon_1 ][140589197494080 ]
[2017-03-12 15:28:48,851][INFO][sqlalchemy.engine.base.Engine][MainThread][base.py ][ SELECT CAST('test collated returns' AS CHAR CHARACTER SET utf8) COLLATE utf8_bin AS anon_1 ][140589197494080 ]
[2017-03-12 15:28:48,852][INFO][sqlalchemy.engine.base.Engine][MainThread][base.py ][ () ][140589197494080 ]
[2017-03-12 15:28:48,852][INFO][sqlalchemy.engine.base.Engine][MainThread][base.py ][ () ][140589197494080 ]
[2017-03-12 15:28:48,853][INFO][sqlalchemy.engine.base.Engine][MainThread][base.py ][ SHOW FULL TABLES FROM `blog_db` ][140589197494080 ]
[2017-03-12 15:28:48,853][INFO][sqlalchemy.engine.base.Engine][MainThread][base.py ][ SHOW FULL TABLES FROM `blog_db` ][140589197494080 ]
[2017-03-12 15:28:48,854][INFO][sqlalchemy.engine.base.Engine][MainThread][base.py ][ () ][140589197494080 ]
[2017-03-12 15:28:48,854][INFO][sqlalchemy.engine.base.Engine][MainThread][base.py ][ () ][140589197494080 ]
[2017-03-12 15:28:48,876][INFO][sqlalchemy.engine.base.Engine][MainThread][base.py ][ SHOW CREATE TABLE `blog` ][140589197494080 ]
[2017-03-12 15:28:48,876][INFO][sqlalchemy.engine.base.Engine][MainThread][base.py ][ SHOW CREATE TABLE `blog` ][140589197494080 ]
[2017-03-12 15:28:48,876][INFO][sqlalchemy.engine.base.Engine][MainThread][base.py ][ () ][140589197494080 ]
[2017-03-12 15:28:48,876][INFO][sqlalchemy.engine.base.Engine][MainThread][base.py ][ () ][140589197494080 ]
[2017-03-12 15:28:48,880][INFO][sqlalchemy.engine.base.Engine][MainThread][base.py ][ SHOW CREATE TABLE `comment` ][140589197494080 ]
[2017-03-12 15:28:48,880][INFO][sqlalchemy.engine.base.Engine][MainThread][base.py ][ SHOW CREATE TABLE `comment` ][140589197494080 ]
[2017-03-12 15:28:48,880][INFO][sqlalchemy.engine.base.Engine][MainThread][base.py ][ () ][140589197494080 ]
[2017-03-12 15:28:48,880][INFO][sqlalchemy.engine.base.Engine][MainThread][base.py ][ () ][140589197494080 ]
[2017-03-12 15:28:48,890][INFO][blog.utility.db_initializer][MainThread][db_initializer.py ][ DB reflected to Base ][140589197494080 ]
[2017-03-12 15:28:48,890][INFO][blog.utility.db_initializer][MainThread][db_initializer.py ][ DB reflected to Base ][140589197494080 ]
[2017-03-12 15:28:48,890][INFO][blog.utility.db_initializer][MainThread][db_initializer.py ][ Base tables mapped to Classes ][140589197494080 ]
[2017-03-12 15:28:48,890][INFO][blog.utility.db_initializer][MainThread][db_initializer.py ][ Base tables mapped to Classes ][140589197494080 ]
[2017-03-12 15:28:48,890][INFO][blog][MainThread][__init__.py ][ DB initialization complete ][140589197494080 ]
[2017-03-12 15:28:48,890][INFO][blog][MainThread][__init__.py ][ DB initialization complete ][140589197494080 ]
[2017-03-12 15:28:48,891][INFO][blog][MainThread][__init__.py ][ ini settings saved ][140589197494080 ]
[2017-03-12 15:28:48,891][INFO][blog][MainThread][__init__.py ][ ini settings saved ][140589197494080 ]
[2017-03-12 15:31:21,133][INFO][blog.utility.db_initializer][MainThread][db_initializer.py ][ Engine Configured ][140273065248576 ]
[2017-03-12 15:31:21,133][INFO][blog.utility.db_initializer][MainThread][db_initializer.py ][ Engine Configured ][140273065248576 ]
[2017-03-12 15:31:21,133][INFO][blog.utility.db_initializer][MainThread][db_initializer.py ][ Session Configured ][140273065248576 ]
[2017-03-12 15:31:21,133][INFO][blog.utility.db_initializer][MainThread][db_initializer.py ][ Session Configured ][140273065248576 ]
[2017-03-12 15:31:21,134][INFO][blog.utility.db_initializer][MainThread][db_initializer.py ][ Base Binded to Engine  ][140273065248576 ]
[2017-03-12 15:31:21,134][INFO][blog.utility.db_initializer][MainThread][db_initializer.py ][ Base Binded to Engine  ][140273065248576 ]
[2017-03-12 15:31:21,140][INFO][sqlalchemy.engine.base.Engine][MainThread][base.py ][ SHOW VARIABLES LIKE 'sql_mode' ][140273065248576 ]
[2017-03-12 15:31:21,140][INFO][sqlalchemy.engine.base.Engine][MainThread][base.py ][ SHOW VARIABLES LIKE 'sql_mode' ][140273065248576 ]
[2017-03-12 15:31:21,141][INFO][sqlalchemy.engine.base.Engine][MainThread][base.py ][ () ][140273065248576 ]
[2017-03-12 15:31:21,141][INFO][sqlalchemy.engine.base.Engine][MainThread][base.py ][ () ][140273065248576 ]
[2017-03-12 15:31:21,143][INFO][sqlalchemy.engine.base.Engine][MainThread][base.py ][ SELECT DATABASE() ][140273065248576 ]
[2017-03-12 15:31:21,143][INFO][sqlalchemy.engine.base.Engine][MainThread][base.py ][ SELECT DATABASE() ][140273065248576 ]
[2017-03-12 15:31:21,143][INFO][sqlalchemy.engine.base.Engine][MainThread][base.py ][ () ][140273065248576 ]
[2017-03-12 15:31:21,143][INFO][sqlalchemy.engine.base.Engine][MainThread][base.py ][ () ][140273065248576 ]
[2017-03-12 15:31:21,144][INFO][sqlalchemy.engine.base.Engine][MainThread][base.py ][ show collation where `Charset` = 'utf8' and `Collation` = 'utf8_bin' ][140273065248576 ]
[2017-03-12 15:31:21,144][INFO][sqlalchemy.engine.base.Engine][MainThread][base.py ][ show collation where `Charset` = 'utf8' and `Collation` = 'utf8_bin' ][140273065248576 ]
[2017-03-12 15:31:21,144][INFO][sqlalchemy.engine.base.Engine][MainThread][base.py ][ () ][140273065248576 ]
[2017-03-12 15:31:21,144][INFO][sqlalchemy.engine.base.Engine][MainThread][base.py ][ () ][140273065248576 ]
[2017-03-12 15:31:21,146][INFO][sqlalchemy.engine.base.Engine][MainThread][base.py ][ SELECT CAST('test plain returns' AS CHAR(60)) AS anon_1 ][140273065248576 ]
[2017-03-12 15:31:21,146][INFO][sqlalchemy.engine.base.Engine][MainThread][base.py ][ SELECT CAST('test plain returns' AS CHAR(60)) AS anon_1 ][140273065248576 ]
[2017-03-12 15:31:21,146][INFO][sqlalchemy.engine.base.Engine][MainThread][base.py ][ () ][140273065248576 ]
[2017-03-12 15:31:21,146][INFO][sqlalchemy.engine.base.Engine][MainThread][base.py ][ () ][140273065248576 ]
[2017-03-12 15:31:21,147][INFO][sqlalchemy.engine.base.Engine][MainThread][base.py ][ SELECT CAST('test unicode returns' AS CHAR(60)) AS anon_1 ][140273065248576 ]
[2017-03-12 15:31:21,147][INFO][sqlalchemy.engine.base.Engine][MainThread][base.py ][ SELECT CAST('test unicode returns' AS CHAR(60)) AS anon_1 ][140273065248576 ]
[2017-03-12 15:31:21,147][INFO][sqlalchemy.engine.base.Engine][MainThread][base.py ][ () ][140273065248576 ]
[2017-03-12 15:31:21,147][INFO][sqlalchemy.engine.base.Engine][MainThread][base.py ][ () ][140273065248576 ]
[2017-03-12 15:31:21,148][INFO][sqlalchemy.engine.base.Engine][MainThread][base.py ][ SELECT CAST('test collated returns' AS CHAR CHARACTER SET utf8) COLLATE utf8_bin AS anon_1 ][140273065248576 ]
[2017-03-12 15:31:21,148][INFO][sqlalchemy.engine.base.Engine][MainThread][base.py ][ SELECT CAST('test collated returns' AS CHAR CHARACTER SET utf8) COLLATE utf8_bin AS anon_1 ][140273065248576 ]
[2017-03-12 15:31:21,149][INFO][sqlalchemy.engine.base.Engine][MainThread][base.py ][ () ][140273065248576 ]
[2017-03-12 15:31:21,149][INFO][sqlalchemy.engine.base.Engine][MainThread][base.py ][ () ][140273065248576 ]
[2017-03-12 15:31:21,150][INFO][sqlalchemy.engine.base.Engine][MainThread][base.py ][ SHOW FULL TABLES FROM `blog_db` ][140273065248576 ]
[2017-03-12 15:31:21,150][INFO][sqlalchemy.engine.base.Engine][MainThread][base.py ][ SHOW FULL TABLES FROM `blog_db` ][140273065248576 ]
[2017-03-12 15:31:21,151][INFO][sqlalchemy.engine.base.Engine][MainThread][base.py ][ () ][140273065248576 ]
[2017-03-12 15:31:21,151][INFO][sqlalchemy.engine.base.Engine][MainThread][base.py ][ () ][140273065248576 ]
[2017-03-12 15:31:21,169][INFO][sqlalchemy.engine.base.Engine][MainThread][base.py ][ SHOW CREATE TABLE `blog` ][140273065248576 ]
[2017-03-12 15:31:21,169][INFO][sqlalchemy.engine.base.Engine][MainThread][base.py ][ SHOW CREATE TABLE `blog` ][140273065248576 ]
[2017-03-12 15:31:21,169][INFO][sqlalchemy.engine.base.Engine][MainThread][base.py ][ () ][140273065248576 ]
[2017-03-12 15:31:21,169][INFO][sqlalchemy.engine.base.Engine][MainThread][base.py ][ () ][140273065248576 ]
[2017-03-12 15:31:21,173][INFO][sqlalchemy.engine.base.Engine][MainThread][base.py ][ SHOW CREATE TABLE `comment` ][140273065248576 ]
[2017-03-12 15:31:21,173][INFO][sqlalchemy.engine.base.Engine][MainThread][base.py ][ SHOW CREATE TABLE `comment` ][140273065248576 ]
[2017-03-12 15:31:21,173][INFO][sqlalchemy.engine.base.Engine][MainThread][base.py ][ () ][140273065248576 ]
[2017-03-12 15:31:21,173][INFO][sqlalchemy.engine.base.Engine][MainThread][base.py ][ () ][140273065248576 ]
[2017-03-12 15:31:21,182][INFO][blog.utility.db_initializer][MainThread][db_initializer.py ][ DB reflected to Base ][140273065248576 ]
[2017-03-12 15:31:21,182][INFO][blog.utility.db_initializer][MainThread][db_initializer.py ][ DB reflected to Base ][140273065248576 ]
[2017-03-12 15:31:21,183][INFO][blog.utility.db_initializer][MainThread][db_initializer.py ][ Base tables mapped to Classes ][140273065248576 ]
[2017-03-12 15:31:21,183][INFO][blog.utility.db_initializer][MainThread][db_initializer.py ][ Base tables mapped to Classes ][140273065248576 ]
[2017-03-12 15:31:21,183][INFO][blog][MainThread][__init__.py ][ DB initialization complete ][140273065248576 ]
[2017-03-12 15:31:21,183][INFO][blog][MainThread][__init__.py ][ DB initialization complete ][140273065248576 ]
[2017-03-12 15:31:21,183][INFO][blog][MainThread][__init__.py ][ ini settings saved ][140273065248576 ]
[2017-03-12 15:31:21,183][INFO][blog][MainThread][__init__.py ][ ini settings saved ][140273065248576 ]
[2017-03-12 15:33:23,766][INFO][blog.utility.db_initializer][MainThread][db_initializer.py ][ Engine Configured ][139676089251648 ]
[2017-03-12 15:33:23,766][INFO][blog.utility.db_initializer][MainThread][db_initializer.py ][ Engine Configured ][139676089251648 ]
[2017-03-12 15:33:23,766][INFO][blog.utility.db_initializer][MainThread][db_initializer.py ][ Session Configured ][139676089251648 ]
[2017-03-12 15:33:23,766][INFO][blog.utility.db_initializer][MainThread][db_initializer.py ][ Session Configured ][139676089251648 ]
[2017-03-12 15:33:23,766][INFO][blog.utility.db_initializer][MainThread][db_initializer.py ][ Base Binded to Engine  ][139676089251648 ]
[2017-03-12 15:33:23,766][INFO][blog.utility.db_initializer][MainThread][db_initializer.py ][ Base Binded to Engine  ][139676089251648 ]
[2017-03-12 15:33:23,773][INFO][sqlalchemy.engine.base.Engine][MainThread][base.py ][ SHOW VARIABLES LIKE 'sql_mode' ][139676089251648 ]
[2017-03-12 15:33:23,773][INFO][sqlalchemy.engine.base.Engine][MainThread][base.py ][ SHOW VARIABLES LIKE 'sql_mode' ][139676089251648 ]
[2017-03-12 15:33:23,773][INFO][sqlalchemy.engine.base.Engine][MainThread][base.py ][ () ][139676089251648 ]
[2017-03-12 15:33:23,773][INFO][sqlalchemy.engine.base.Engine][MainThread][base.py ][ () ][139676089251648 ]
[2017-03-12 15:33:23,774][INFO][sqlalchemy.engine.base.Engine][MainThread][base.py ][ SELECT DATABASE() ][139676089251648 ]
[2017-03-12 15:33:23,774][INFO][sqlalchemy.engine.base.Engine][MainThread][base.py ][ SELECT DATABASE() ][139676089251648 ]
[2017-03-12 15:33:23,775][INFO][sqlalchemy.engine.base.Engine][MainThread][base.py ][ () ][139676089251648 ]
[2017-03-12 15:33:23,775][INFO][sqlalchemy.engine.base.Engine][MainThread][base.py ][ () ][139676089251648 ]
[2017-03-12 15:33:23,775][INFO][sqlalchemy.engine.base.Engine][MainThread][base.py ][ show collation where `Charset` = 'utf8' and `Collation` = 'utf8_bin' ][139676089251648 ]
[2017-03-12 15:33:23,775][INFO][sqlalchemy.engine.base.Engine][MainThread][base.py ][ show collation where `Charset` = 'utf8' and `Collation` = 'utf8_bin' ][139676089251648 ]
[2017-03-12 15:33:23,776][INFO][sqlalchemy.engine.base.Engine][MainThread][base.py ][ () ][139676089251648 ]
[2017-03-12 15:33:23,776][INFO][sqlalchemy.engine.base.Engine][MainThread][base.py ][ () ][139676089251648 ]
[2017-03-12 15:33:23,778][INFO][sqlalchemy.engine.base.Engine][MainThread][base.py ][ SELECT CAST('test plain returns' AS CHAR(60)) AS anon_1 ][139676089251648 ]
[2017-03-12 15:33:23,778][INFO][sqlalchemy.engine.base.Engine][MainThread][base.py ][ SELECT CAST('test plain returns' AS CHAR(60)) AS anon_1 ][139676089251648 ]
[2017-03-12 15:33:23,778][INFO][sqlalchemy.engine.base.Engine][MainThread][base.py ][ () ][139676089251648 ]
[2017-03-12 15:33:23,778][INFO][sqlalchemy.engine.base.Engine][MainThread][base.py ][ () ][139676089251648 ]
[2017-03-12 15:33:23,779][INFO][sqlalchemy.engine.base.Engine][MainThread][base.py ][ SELECT CAST('test unicode returns' AS CHAR(60)) AS anon_1 ][139676089251648 ]
[2017-03-12 15:33:23,779][INFO][sqlalchemy.engine.base.Engine][MainThread][base.py ][ SELECT CAST('test unicode returns' AS CHAR(60)) AS anon_1 ][139676089251648 ]
[2017-03-12 15:33:23,779][INFO][sqlalchemy.engine.base.Engine][MainThread][base.py ][ () ][139676089251648 ]
[2017-03-12 15:33:23,779][INFO][sqlalchemy.engine.base.Engine][MainThread][base.py ][ () ][139676089251648 ]
[2017-03-12 15:33:23,780][INFO][sqlalchemy.engine.base.Engine][MainThread][base.py ][ SELECT CAST('test collated returns' AS CHAR CHARACTER SET utf8) COLLATE utf8_bin AS anon_1 ][139676089251648 ]
[2017-03-12 15:33:23,780][INFO][sqlalchemy.engine.base.Engine][MainThread][base.py ][ SELECT CAST('test collated returns' AS CHAR CHARACTER SET utf8) COLLATE utf8_bin AS anon_1 ][139676089251648 ]
[2017-03-12 15:33:23,781][INFO][sqlalchemy.engine.base.Engine][MainThread][base.py ][ () ][139676089251648 ]
[2017-03-12 15:33:23,781][INFO][sqlalchemy.engine.base.Engine][MainThread][base.py ][ () ][139676089251648 ]
[2017-03-12 15:33:23,782][INFO][sqlalchemy.engine.base.Engine][MainThread][base.py ][ SHOW FULL TABLES FROM `blog_db` ][139676089251648 ]
[2017-03-12 15:33:23,782][INFO][sqlalchemy.engine.base.Engine][MainThread][base.py ][ SHOW FULL TABLES FROM `blog_db` ][139676089251648 ]
[2017-03-12 15:33:23,783][INFO][sqlalchemy.engine.base.Engine][MainThread][base.py ][ () ][139676089251648 ]
[2017-03-12 15:33:23,783][INFO][sqlalchemy.engine.base.Engine][MainThread][base.py ][ () ][139676089251648 ]
[2017-03-12 15:33:23,801][INFO][sqlalchemy.engine.base.Engine][MainThread][base.py ][ SHOW CREATE TABLE `blog` ][139676089251648 ]
[2017-03-12 15:33:23,801][INFO][sqlalchemy.engine.base.Engine][MainThread][base.py ][ SHOW CREATE TABLE `blog` ][139676089251648 ]
[2017-03-12 15:33:23,802][INFO][sqlalchemy.engine.base.Engine][MainThread][base.py ][ () ][139676089251648 ]
[2017-03-12 15:33:23,802][INFO][sqlalchemy.engine.base.Engine][MainThread][base.py ][ () ][139676089251648 ]
[2017-03-12 15:33:23,805][INFO][sqlalchemy.engine.base.Engine][MainThread][base.py ][ SHOW CREATE TABLE `comment` ][139676089251648 ]
[2017-03-12 15:33:23,805][INFO][sqlalchemy.engine.base.Engine][MainThread][base.py ][ SHOW CREATE TABLE `comment` ][139676089251648 ]
[2017-03-12 15:33:23,805][INFO][sqlalchemy.engine.base.Engine][MainThread][base.py ][ () ][139676089251648 ]
[2017-03-12 15:33:23,805][INFO][sqlalchemy.engine.base.Engine][MainThread][base.py ][ () ][139676089251648 ]
[2017-03-12 15:33:23,815][INFO][blog.utility.db_initializer][MainThread][db_initializer.py ][ DB reflected to Base ][139676089251648 ]
[2017-03-12 15:33:23,815][INFO][blog.utility.db_initializer][MainThread][db_initializer.py ][ DB reflected to Base ][139676089251648 ]
[2017-03-12 15:33:23,816][INFO][blog.utility.db_initializer][MainThread][db_initializer.py ][ Base tables mapped to Classes ][139676089251648 ]
[2017-03-12 15:33:23,816][INFO][blog.utility.db_initializer][MainThread][db_initializer.py ][ Base tables mapped to Classes ][139676089251648 ]
[2017-03-12 15:33:23,816][INFO][blog][MainThread][__init__.py ][ DB initialization complete ][139676089251648 ]
[2017-03-12 15:33:23,816][INFO][blog][MainThread][__init__.py ][ DB initialization complete ][139676089251648 ]
[2017-03-12 15:33:23,816][INFO][blog][MainThread][__init__.py ][ ini settings saved ][139676089251648 ]
[2017-03-12 15:33:23,816][INFO][blog][MainThread][__init__.py ][ ini settings saved ][139676089251648 ]
[2017-03-12 15:33:39,755][INFO][blog.utility.db_initializer][MainThread][db_initializer.py ][ Engine Configured ][140100078581568 ]
[2017-03-12 15:33:39,755][INFO][blog.utility.db_initializer][MainThread][db_initializer.py ][ Engine Configured ][140100078581568 ]
[2017-03-12 15:33:39,755][INFO][blog.utility.db_initializer][MainThread][db_initializer.py ][ Session Configured ][140100078581568 ]
[2017-03-12 15:33:39,755][INFO][blog.utility.db_initializer][MainThread][db_initializer.py ][ Session Configured ][140100078581568 ]
[2017-03-12 15:33:39,756][INFO][blog.utility.db_initializer][MainThread][db_initializer.py ][ Base Binded to Engine  ][140100078581568 ]
[2017-03-12 15:33:39,756][INFO][blog.utility.db_initializer][MainThread][db_initializer.py ][ Base Binded to Engine  ][140100078581568 ]
[2017-03-12 15:33:39,761][INFO][sqlalchemy.engine.base.Engine][MainThread][base.py ][ SHOW VARIABLES LIKE 'sql_mode' ][140100078581568 ]
[2017-03-12 15:33:39,761][INFO][sqlalchemy.engine.base.Engine][MainThread][base.py ][ SHOW VARIABLES LIKE 'sql_mode' ][140100078581568 ]
[2017-03-12 15:33:39,762][INFO][sqlalchemy.engine.base.Engine][MainThread][base.py ][ () ][140100078581568 ]
[2017-03-12 15:33:39,762][INFO][sqlalchemy.engine.base.Engine][MainThread][base.py ][ () ][140100078581568 ]
[2017-03-12 15:33:39,763][INFO][sqlalchemy.engine.base.Engine][MainThread][base.py ][ SELECT DATABASE() ][140100078581568 ]
[2017-03-12 15:33:39,763][INFO][sqlalchemy.engine.base.Engine][MainThread][base.py ][ SELECT DATABASE() ][140100078581568 ]
[2017-03-12 15:33:39,763][INFO][sqlalchemy.engine.base.Engine][MainThread][base.py ][ () ][140100078581568 ]
[2017-03-12 15:33:39,763][INFO][sqlalchemy.engine.base.Engine][MainThread][base.py ][ () ][140100078581568 ]
[2017-03-12 15:33:39,764][INFO][sqlalchemy.engine.base.Engine][MainThread][base.py ][ show collation where `Charset` = 'utf8' and `Collation` = 'utf8_bin' ][140100078581568 ]
[2017-03-12 15:33:39,764][INFO][sqlalchemy.engine.base.Engine][MainThread][base.py ][ show collation where `Charset` = 'utf8' and `Collation` = 'utf8_bin' ][140100078581568 ]
[2017-03-12 15:33:39,764][INFO][sqlalchemy.engine.base.Engine][MainThread][base.py ][ () ][140100078581568 ]
[2017-03-12 15:33:39,764][INFO][sqlalchemy.engine.base.Engine][MainThread][base.py ][ () ][140100078581568 ]
[2017-03-12 15:33:39,766][INFO][sqlalchemy.engine.base.Engine][MainThread][base.py ][ SELECT CAST('test plain returns' AS CHAR(60)) AS anon_1 ][140100078581568 ]
[2017-03-12 15:33:39,766][INFO][sqlalchemy.engine.base.Engine][MainThread][base.py ][ SELECT CAST('test plain returns' AS CHAR(60)) AS anon_1 ][140100078581568 ]
[2017-03-12 15:33:39,767][INFO][sqlalchemy.engine.base.Engine][MainThread][base.py ][ () ][140100078581568 ]
[2017-03-12 15:33:39,767][INFO][sqlalchemy.engine.base.Engine][MainThread][base.py ][ () ][140100078581568 ]
[2017-03-12 15:33:39,768][INFO][sqlalchemy.engine.base.Engine][MainThread][base.py ][ SELECT CAST('test unicode returns' AS CHAR(60)) AS anon_1 ][140100078581568 ]
[2017-03-12 15:33:39,768][INFO][sqlalchemy.engine.base.Engine][MainThread][base.py ][ SELECT CAST('test unicode returns' AS CHAR(60)) AS anon_1 ][140100078581568 ]
[2017-03-12 15:33:39,768][INFO][sqlalchemy.engine.base.Engine][MainThread][base.py ][ () ][140100078581568 ]
[2017-03-12 15:33:39,768][INFO][sqlalchemy.engine.base.Engine][MainThread][base.py ][ () ][140100078581568 ]
[2017-03-12 15:33:39,769][INFO][sqlalchemy.engine.base.Engine][MainThread][base.py ][ SELECT CAST('test collated returns' AS CHAR CHARACTER SET utf8) COLLATE utf8_bin AS anon_1 ][140100078581568 ]
[2017-03-12 15:33:39,769][INFO][sqlalchemy.engine.base.Engine][MainThread][base.py ][ SELECT CAST('test collated returns' AS CHAR CHARACTER SET utf8) COLLATE utf8_bin AS anon_1 ][140100078581568 ]
[2017-03-12 15:33:39,769][INFO][sqlalchemy.engine.base.Engine][MainThread][base.py ][ () ][140100078581568 ]
[2017-03-12 15:33:39,769][INFO][sqlalchemy.engine.base.Engine][MainThread][base.py ][ () ][140100078581568 ]
[2017-03-12 15:33:39,771][INFO][sqlalchemy.engine.base.Engine][MainThread][base.py ][ SHOW FULL TABLES FROM `blog_db` ][140100078581568 ]
[2017-03-12 15:33:39,771][INFO][sqlalchemy.engine.base.Engine][MainThread][base.py ][ SHOW FULL TABLES FROM `blog_db` ][140100078581568 ]
[2017-03-12 15:33:39,771][INFO][sqlalchemy.engine.base.Engine][MainThread][base.py ][ () ][140100078581568 ]
[2017-03-12 15:33:39,771][INFO][sqlalchemy.engine.base.Engine][MainThread][base.py ][ () ][140100078581568 ]
[2017-03-12 15:33:39,790][INFO][sqlalchemy.engine.base.Engine][MainThread][base.py ][ SHOW CREATE TABLE `blog` ][140100078581568 ]
[2017-03-12 15:33:39,790][INFO][sqlalchemy.engine.base.Engine][MainThread][base.py ][ SHOW CREATE TABLE `blog` ][140100078581568 ]
[2017-03-12 15:33:39,790][INFO][sqlalchemy.engine.base.Engine][MainThread][base.py ][ () ][140100078581568 ]
[2017-03-12 15:33:39,790][INFO][sqlalchemy.engine.base.Engine][MainThread][base.py ][ () ][140100078581568 ]
[2017-03-12 15:33:39,793][INFO][sqlalchemy.engine.base.Engine][MainThread][base.py ][ SHOW CREATE TABLE `comment` ][140100078581568 ]
[2017-03-12 15:33:39,793][INFO][sqlalchemy.engine.base.Engine][MainThread][base.py ][ SHOW CREATE TABLE `comment` ][140100078581568 ]
[2017-03-12 15:33:39,793][INFO][sqlalchemy.engine.base.Engine][MainThread][base.py ][ () ][140100078581568 ]
[2017-03-12 15:33:39,793][INFO][sqlalchemy.engine.base.Engine][MainThread][base.py ][ () ][140100078581568 ]
[2017-03-12 15:33:39,803][INFO][blog.utility.db_initializer][MainThread][db_initializer.py ][ DB reflected to Base ][140100078581568 ]
[2017-03-12 15:33:39,803][INFO][blog.utility.db_initializer][MainThread][db_initializer.py ][ DB reflected to Base ][140100078581568 ]
[2017-03-12 15:33:39,803][INFO][blog.utility.db_initializer][MainThread][db_initializer.py ][ Base tables mapped to Classes ][140100078581568 ]
[2017-03-12 15:33:39,803][INFO][blog.utility.db_initializer][MainThread][db_initializer.py ][ Base tables mapped to Classes ][140100078581568 ]
[2017-03-12 15:33:39,804][INFO][blog][MainThread][__init__.py ][ DB initialization complete ][140100078581568 ]
[2017-03-12 15:33:39,804][INFO][blog][MainThread][__init__.py ][ DB initialization complete ][140100078581568 ]
[2017-03-12 15:33:39,804][INFO][blog][MainThread][__init__.py ][ ini settings saved ][140100078581568 ]
[2017-03-12 15:33:39,804][INFO][blog][MainThread][__init__.py ][ ini settings saved ][140100078581568 ]
